Exception at PC 0x00007FFB57B2E132
Attemped to write at address 0x00007FFB4DCD4AA4
Printing stacktrace...

[0]  [0x00007FFB57B2E132]
[1]  [0x00007FFB57B2E132]
[2]  [0x00007FFB57B2E194]
[3]  [0x00007FFB5777D0D7]
[4]  [0x00007FFB57662BCA]
[5]  [0x00007FFB57662FD1]
[6]  [0x00007FFB57B2EB2F]
[7]  [0x00007FFB579EC19D]
[8]  [0x00007FFB579E5942]
[9]  [0x00007FFB579E5AB5]
[10] (RtlActivateActivationContextUnsafeFast+0x11d) [0x00007FFB9CF69A1D]
[11] (LdrShutdownProcess+0x22a) [0x00007FFB9CFAF1CA]
[12] (RtlExitUserProcess+0xad) [0x00007FFB9CFAEF7D]
[13] (FatalExit+0xb) [0x00007FFB9BDAE3EB]
[14] (exit+0x85) [0x00007FFB9C88A155]
[15] (initterm_e+0x245) [0x00007FFB9C88A7C5]
[16]  [0x00000000004014CD]
[17]  [0x000000000040151B]
[18] (BaseThreadInitThunk+0x14) [0x00007FFB9BDA7374]
[19] (RtlUserThreadStart+0x21) [0x00007FFB9CF9CC91]
Done
