Exception at PC 0x00007FFFB94EE132
Attemped to write at address 0x00007FF83DB84AA4
Printing stacktrace...

[0]  [0x00007FFFB94EE132]
[1]  [0x00007FFFB94EE132]
[2]  [0x00007FFFB94EE194]
[3]  [0x00007FFFB913D0D7]
[4]  [0x00007FFFB9022BCA]
[5]  [0x00007FFFB9022FD1]
[6]  [0x00007FFFB94EEB2F]
[7]  [0x00007FFFB93AC19D]
[8]  [0x00007FFFB93A5942]
[9]  [0x00007FFFB93A5AB5]
[10] (RtlActivateActivationContextUnsafeFast+0x11d) [0x00007FF899C69A1D]
[11] (LdrShutdownProcess+0x22a) [0x00007FF899CAF1CA]
[12] (RtlExitUserProcess+0xad) [0x00007FF899CAEF7D]
[13] (FatalExit+0xb) [0x00007FF898CFE3EB]
[14] (exit+0x85) [0x00007FF899BAA155]
[15] (initterm_e+0x245) [0x00007FF899BAA7C5]
[16]  [0x00000000004014CD]
[17]  [0x000000000040151B]
[18] (BaseThreadInitThunk+0x14) [0x00007FF898CF7374]
[19] (RtlUserThreadStart+0x21) [0x00007FF899C9CC91]
Done
