Copyright 1986-2017 Xilinx, Inc. All Rights Reserved.
-----------------------------------------------------------------------------------------------------------------------------------------------------------
| Tool Version : Vivado v.2017.4 (win64) Build 2086221 Fri Dec 15 20:55:39 MST 2017
| Date         : Thu Mar 27 13:27:36 2025
| Host         : ws11-11 running 64-bit major release  (build 9200)
| Command      : report_methodology -file cpu_top_methodology_drc_routed.rpt -pb cpu_top_methodology_drc_routed.pb -rpx cpu_top_methodology_drc_routed.rpx
| Design       : cpu_top
| Device       : xc7a35tcpg236-1
| Speed File   : -1
| Design State : Routed
-----------------------------------------------------------------------------------------------------------------------------------------------------------

Report Methodology

Table of Contents
-----------------
1. REPORT SUMMARY
2. REPORT DETAILS

1. REPORT SUMMARY
-----------------
            Netlist: netlist
          Floorplan: design_1
      Design limits: <entire design considered>
             Max violations: <unlimited>
             Violations found: 144
+-----------+----------+-------------------------------+------------+
| Rule      | Severity | Description                   | Violations |
+-----------+----------+-------------------------------+------------+
| TIMING-17 | Warning  | Non-clocked sequential cell   | 88         |
| TIMING-18 | Warning  | Missing input or output delay | 56         |
+-----------+----------+-------------------------------+------------+

2. REPORT DETAILS
-----------------
TIMING-17#1 Warning
Non-clocked sequential cell  
The clock pin console_display/Hdot_delayed_reg[0]/C is not reached by a timing clock
Related violations: <none>

TIMING-17#2 Warning
Non-clocked sequential cell  
The clock pin console_display/Hdot_delayed_reg[1]/C is not reached by a timing clock
Related violations: <none>

TIMING-17#3 Warning
Non-clocked sequential cell  
The clock pin console_display/Hdot_delayed_reg[2]/C is not reached by a timing clock
Related violations: <none>

TIMING-17#4 Warning
Non-clocked sequential cell  
The clock pin console_display/Hdot_delayed_reg[3]/C is not reached by a timing clock
Related violations: <none>

TIMING-17#5 Warning
Non-clocked sequential cell  
The clock pin console_display/Hdot_delayed_reg[4]/C is not reached by a timing clock
Related violations: <none>

TIMING-17#6 Warning
Non-clocked sequential cell  
The clock pin console_display/Vline_delayed_reg[0]/C is not reached by a timing clock
Related violations: <none>

TIMING-17#7 Warning
Non-clocked sequential cell  
The clock pin console_display/Vline_delayed_reg[1]/C is not reached by a timing clock
Related violations: <none>

TIMING-17#8 Warning
Non-clocked sequential cell  
The clock pin console_display/Vline_delayed_reg[2]/C is not reached by a timing clock
Related violations: <none>

TIMING-17#9 Warning
Non-clocked sequential cell  
The clock pin console_display/Vline_delayed_reg[3]/C is not reached by a timing clock
Related violations: <none>

TIMING-17#10 Warning
Non-clocked sequential cell  
The clock pin console_display/Vline_delayed_reg[4]/C is not reached by a timing clock
Related violations: <none>

TIMING-17#11 Warning
Non-clocked sequential cell  
The clock pin console_display/address_reg[0]/C is not reached by a timing clock
Related violations: <none>

TIMING-17#12 Warning
Non-clocked sequential cell  
The clock pin console_display/address_reg[10]/C is not reached by a timing clock
Related violations: <none>

TIMING-17#13 Warning
Non-clocked sequential cell  
The clock pin console_display/address_reg[1]/C is not reached by a timing clock
Related violations: <none>

TIMING-17#14 Warning
Non-clocked sequential cell  
The clock pin console_display/address_reg[2]/C is not reached by a timing clock
Related violations: <none>

TIMING-17#15 Warning
Non-clocked sequential cell  
The clock pin console_display/address_reg[3]/C is not reached by a timing clock
Related violations: <none>

TIMING-17#16 Warning
Non-clocked sequential cell  
The clock pin console_display/address_reg[4]/C is not reached by a timing clock
Related violations: <none>

TIMING-17#17 Warning
Non-clocked sequential cell  
The clock pin console_display/address_reg[5]/C is not reached by a timing clock
Related violations: <none>

TIMING-17#18 Warning
Non-clocked sequential cell  
The clock pin console_display/address_reg[6]/C is not reached by a timing clock
Related violations: <none>

TIMING-17#19 Warning
Non-clocked sequential cell  
The clock pin console_display/address_reg[7]/C is not reached by a timing clock
Related violations: <none>

TIMING-17#20 Warning
Non-clocked sequential cell  
The clock pin console_display/address_reg[8]/C is not reached by a timing clock
Related violations: <none>

TIMING-17#21 Warning
Non-clocked sequential cell  
The clock pin console_display/address_reg[9]/C is not reached by a timing clock
Related violations: <none>

TIMING-17#22 Warning
Non-clocked sequential cell  
The clock pin console_display/display_address_reg[0]/C is not reached by a timing clock
Related violations: <none>

TIMING-17#23 Warning
Non-clocked sequential cell  
The clock pin console_display/display_address_reg[10]/C is not reached by a timing clock
Related violations: <none>

TIMING-17#24 Warning
Non-clocked sequential cell  
The clock pin console_display/display_address_reg[1]/C is not reached by a timing clock
Related violations: <none>

TIMING-17#25 Warning
Non-clocked sequential cell  
The clock pin console_display/display_address_reg[1]_rep/C is not reached by a timing clock
Related violations: <none>

TIMING-17#26 Warning
Non-clocked sequential cell  
The clock pin console_display/display_address_reg[2]/C is not reached by a timing clock
Related violations: <none>

TIMING-17#27 Warning
Non-clocked sequential cell  
The clock pin console_display/display_address_reg[2]_rep/C is not reached by a timing clock
Related violations: <none>

TIMING-17#28 Warning
Non-clocked sequential cell  
The clock pin console_display/display_address_reg[3]/C is not reached by a timing clock
Related violations: <none>

TIMING-17#29 Warning
Non-clocked sequential cell  
The clock pin console_display/display_address_reg[4]/C is not reached by a timing clock
Related violations: <none>

TIMING-17#30 Warning
Non-clocked sequential cell  
The clock pin console_display/display_address_reg[5]/C is not reached by a timing clock
Related violations: <none>

TIMING-17#31 Warning
Non-clocked sequential cell  
The clock pin console_display/display_address_reg[6]/C is not reached by a timing clock
Related violations: <none>

TIMING-17#32 Warning
Non-clocked sequential cell  
The clock pin console_display/display_address_reg[7]/C is not reached by a timing clock
Related violations: <none>

TIMING-17#33 Warning
Non-clocked sequential cell  
The clock pin console_display/display_address_reg[8]/C is not reached by a timing clock
Related violations: <none>

TIMING-17#34 Warning
Non-clocked sequential cell  
The clock pin console_display/display_address_reg[9]/C is not reached by a timing clock
Related violations: <none>

TIMING-17#35 Warning
Non-clocked sequential cell  
The clock pin console_display/offset_reg[0]/C is not reached by a timing clock
Related violations: <none>

TIMING-17#36 Warning
Non-clocked sequential cell  
The clock pin console_display/offset_reg[10]/C is not reached by a timing clock
Related violations: <none>

TIMING-17#37 Warning
Non-clocked sequential cell  
The clock pin console_display/offset_reg[1]/C is not reached by a timing clock
Related violations: <none>

TIMING-17#38 Warning
Non-clocked sequential cell  
The clock pin console_display/offset_reg[2]/C is not reached by a timing clock
Related violations: <none>

TIMING-17#39 Warning
Non-clocked sequential cell  
The clock pin console_display/offset_reg[3]/C is not reached by a timing clock
Related violations: <none>

TIMING-17#40 Warning
Non-clocked sequential cell  
The clock pin console_display/offset_reg[4]/C is not reached by a timing clock
Related violations: <none>

TIMING-17#41 Warning
Non-clocked sequential cell  
The clock pin console_display/offset_reg[5]/C is not reached by a timing clock
Related violations: <none>

TIMING-17#42 Warning
Non-clocked sequential cell  
The clock pin console_display/offset_reg[6]/C is not reached by a timing clock
Related violations: <none>

TIMING-17#43 Warning
Non-clocked sequential cell  
The clock pin console_display/offset_reg[7]/C is not reached by a timing clock
Related violations: <none>

TIMING-17#44 Warning
Non-clocked sequential cell  
The clock pin console_display/offset_reg[8]/C is not reached by a timing clock
Related violations: <none>

TIMING-17#45 Warning
Non-clocked sequential cell  
The clock pin console_display/offset_reg[9]/C is not reached by a timing clock
Related violations: <none>

TIMING-17#46 Warning
Non-clocked sequential cell  
The clock pin console_display/opcode_reg[0]/C is not reached by a timing clock
Related violations: <none>

TIMING-17#47 Warning
Non-clocked sequential cell  
The clock pin console_display/opcode_reg[1]/C is not reached by a timing clock
Related violations: <none>

TIMING-17#48 Warning
Non-clocked sequential cell  
The clock pin console_display/opcode_reg[2]/C is not reached by a timing clock
Related violations: <none>

TIMING-17#49 Warning
Non-clocked sequential cell  
The clock pin console_display/opcode_reg[3]/C is not reached by a timing clock
Related violations: <none>

TIMING-17#50 Warning
Non-clocked sequential cell  
The clock pin console_display/opcode_reg[4]/C is not reached by a timing clock
Related violations: <none>

TIMING-17#51 Warning
Non-clocked sequential cell  
The clock pin console_display/opcode_reg[5]/C is not reached by a timing clock
Related violations: <none>

TIMING-17#52 Warning
Non-clocked sequential cell  
The clock pin console_display/opcode_reg[6]/C is not reached by a timing clock
Related violations: <none>

TIMING-17#53 Warning
Non-clocked sequential cell  
The clock pin console_display/timing/h_dot_int_reg[0]/C is not reached by a timing clock
Related violations: <none>

TIMING-17#54 Warning
Non-clocked sequential cell  
The clock pin console_display/timing/h_dot_int_reg[10]/C is not reached by a timing clock
Related violations: <none>

TIMING-17#55 Warning
Non-clocked sequential cell  
The clock pin console_display/timing/h_dot_int_reg[1]/C is not reached by a timing clock
Related violations: <none>

TIMING-17#56 Warning
Non-clocked sequential cell  
The clock pin console_display/timing/h_dot_int_reg[2]/C is not reached by a timing clock
Related violations: <none>

TIMING-17#57 Warning
Non-clocked sequential cell  
The clock pin console_display/timing/h_dot_int_reg[3]/C is not reached by a timing clock
Related violations: <none>

TIMING-17#58 Warning
Non-clocked sequential cell  
The clock pin console_display/timing/h_dot_int_reg[4]/C is not reached by a timing clock
Related violations: <none>

TIMING-17#59 Warning
Non-clocked sequential cell  
The clock pin console_display/timing/h_dot_int_reg[5]/C is not reached by a timing clock
Related violations: <none>

TIMING-17#60 Warning
Non-clocked sequential cell  
The clock pin console_display/timing/h_dot_int_reg[6]/C is not reached by a timing clock
Related violations: <none>

TIMING-17#61 Warning
Non-clocked sequential cell  
The clock pin console_display/timing/h_dot_int_reg[7]/C is not reached by a timing clock
Related violations: <none>

TIMING-17#62 Warning
Non-clocked sequential cell  
The clock pin console_display/timing/h_dot_int_reg[8]/C is not reached by a timing clock
Related violations: <none>

TIMING-17#63 Warning
Non-clocked sequential cell  
The clock pin console_display/timing/h_dot_int_reg[9]/C is not reached by a timing clock
Related violations: <none>

TIMING-17#64 Warning
Non-clocked sequential cell  
The clock pin console_display/timing/h_sync_reg/C is not reached by a timing clock
Related violations: <none>

TIMING-17#65 Warning
Non-clocked sequential cell  
The clock pin console_display/timing/h_sync_reg_lopt_replica/C is not reached by a timing clock
Related violations: <none>

TIMING-17#66 Warning
Non-clocked sequential cell  
The clock pin console_display/timing/v_line_int_reg[0]/C is not reached by a timing clock
Related violations: <none>

TIMING-17#67 Warning
Non-clocked sequential cell  
The clock pin console_display/timing/v_line_int_reg[1]/C is not reached by a timing clock
Related violations: <none>

TIMING-17#68 Warning
Non-clocked sequential cell  
The clock pin console_display/timing/v_line_int_reg[2]/C is not reached by a timing clock
Related violations: <none>

TIMING-17#69 Warning
Non-clocked sequential cell  
The clock pin console_display/timing/v_line_int_reg[3]/C is not reached by a timing clock
Related violations: <none>

TIMING-17#70 Warning
Non-clocked sequential cell  
The clock pin console_display/timing/v_line_int_reg[4]/C is not reached by a timing clock
Related violations: <none>

TIMING-17#71 Warning
Non-clocked sequential cell  
The clock pin console_display/timing/v_line_int_reg[5]/C is not reached by a timing clock
Related violations: <none>

TIMING-17#72 Warning
Non-clocked sequential cell  
The clock pin console_display/timing/v_line_int_reg[6]/C is not reached by a timing clock
Related violations: <none>

TIMING-17#73 Warning
Non-clocked sequential cell  
The clock pin console_display/timing/v_line_int_reg[7]/C is not reached by a timing clock
Related violations: <none>

TIMING-17#74 Warning
Non-clocked sequential cell  
The clock pin console_display/timing/v_line_int_reg[8]/C is not reached by a timing clock
Related violations: <none>

TIMING-17#75 Warning
Non-clocked sequential cell  
The clock pin console_display/timing/v_line_int_reg[9]/C is not reached by a timing clock
Related violations: <none>

TIMING-17#76 Warning
Non-clocked sequential cell  
The clock pin console_display/timing/v_sync_reg/C is not reached by a timing clock
Related violations: <none>

TIMING-17#77 Warning
Non-clocked sequential cell  
The clock pin console_display/vga_red_reg[3]/C is not reached by a timing clock
Related violations: <none>

TIMING-17#78 Warning
Non-clocked sequential cell  
The clock pin console_display/vga_red_reg[3]_lopt_replica/C is not reached by a timing clock
Related violations: <none>

TIMING-17#79 Warning
Non-clocked sequential cell  
The clock pin console_display/vga_red_reg[3]_lopt_replica_10/C is not reached by a timing clock
Related violations: <none>

TIMING-17#80 Warning
Non-clocked sequential cell  
The clock pin console_display/vga_red_reg[3]_lopt_replica_11/C is not reached by a timing clock
Related violations: <none>

TIMING-17#81 Warning
Non-clocked sequential cell  
The clock pin console_display/vga_red_reg[3]_lopt_replica_2/C is not reached by a timing clock
Related violations: <none>

TIMING-17#82 Warning
Non-clocked sequential cell  
The clock pin console_display/vga_red_reg[3]_lopt_replica_3/C is not reached by a timing clock
Related violations: <none>

TIMING-17#83 Warning
Non-clocked sequential cell  
The clock pin console_display/vga_red_reg[3]_lopt_replica_4/C is not reached by a timing clock
Related violations: <none>

TIMING-17#84 Warning
Non-clocked sequential cell  
The clock pin console_display/vga_red_reg[3]_lopt_replica_5/C is not reached by a timing clock
Related violations: <none>

TIMING-17#85 Warning
Non-clocked sequential cell  
The clock pin console_display/vga_red_reg[3]_lopt_replica_6/C is not reached by a timing clock
Related violations: <none>

TIMING-17#86 Warning
Non-clocked sequential cell  
The clock pin console_display/vga_red_reg[3]_lopt_replica_7/C is not reached by a timing clock
Related violations: <none>

TIMING-17#87 Warning
Non-clocked sequential cell  
The clock pin console_display/vga_red_reg[3]_lopt_replica_8/C is not reached by a timing clock
Related violations: <none>

TIMING-17#88 Warning
Non-clocked sequential cell  
The clock pin console_display/vga_red_reg[3]_lopt_replica_9/C is not reached by a timing clock
Related violations: <none>

TIMING-18#1 Warning
Missing input or output delay  
An input delay is missing on dip_switches[0] relative to clock(s) stm_sys_clk
Related violations: <none>

TIMING-18#2 Warning
Missing input or output delay  
An input delay is missing on dip_switches[10] relative to clock(s) stm_sys_clk
Related violations: <none>

TIMING-18#3 Warning
Missing input or output delay  
An input delay is missing on dip_switches[11] relative to clock(s) stm_sys_clk
Related violations: <none>

TIMING-18#4 Warning
Missing input or output delay  
An input delay is missing on dip_switches[12] relative to clock(s) stm_sys_clk
Related violations: <none>

TIMING-18#5 Warning
Missing input or output delay  
An input delay is missing on dip_switches[13] relative to clock(s) stm_sys_clk
Related violations: <none>

TIMING-18#6 Warning
Missing input or output delay  
An input delay is missing on dip_switches[14] relative to clock(s) stm_sys_clk
Related violations: <none>

TIMING-18#7 Warning
Missing input or output delay  
An input delay is missing on dip_switches[15] relative to clock(s) stm_sys_clk
Related violations: <none>

TIMING-18#8 Warning
Missing input or output delay  
An input delay is missing on dip_switches[1] relative to clock(s) stm_sys_clk
Related violations: <none>

TIMING-18#9 Warning
Missing input or output delay  
An input delay is missing on dip_switches[2] relative to clock(s) stm_sys_clk
Related violations: <none>

TIMING-18#10 Warning
Missing input or output delay  
An input delay is missing on dip_switches[3] relative to clock(s) stm_sys_clk
Related violations: <none>

TIMING-18#11 Warning
Missing input or output delay  
An input delay is missing on dip_switches[4] relative to clock(s) stm_sys_clk
Related violations: <none>

TIMING-18#12 Warning
Missing input or output delay  
An input delay is missing on dip_switches[5] relative to clock(s) stm_sys_clk
Related violations: <none>

TIMING-18#13 Warning
Missing input or output delay  
An input delay is missing on dip_switches[6] relative to clock(s) stm_sys_clk
Related violations: <none>

TIMING-18#14 Warning
Missing input or output delay  
An input delay is missing on dip_switches[7] relative to clock(s) stm_sys_clk
Related violations: <none>

TIMING-18#15 Warning
Missing input or output delay  
An input delay is missing on dip_switches[8] relative to clock(s) stm_sys_clk
Related violations: <none>

TIMING-18#16 Warning
Missing input or output delay  
An input delay is missing on dip_switches[9] relative to clock(s) stm_sys_clk
Related violations: <none>

TIMING-18#17 Warning
Missing input or output delay  
An input delay is missing on in_port[10] relative to clock(s) stm_sys_clk
Related violations: <none>

TIMING-18#18 Warning
Missing input or output delay  
An input delay is missing on in_port[11] relative to clock(s) stm_sys_clk
Related violations: <none>

TIMING-18#19 Warning
Missing input or output delay  
An input delay is missing on in_port[12] relative to clock(s) stm_sys_clk
Related violations: <none>

TIMING-18#20 Warning
Missing input or output delay  
An input delay is missing on in_port[13] relative to clock(s) stm_sys_clk
Related violations: <none>

TIMING-18#21 Warning
Missing input or output delay  
An input delay is missing on in_port[14] relative to clock(s) stm_sys_clk
Related violations: <none>

TIMING-18#22 Warning
Missing input or output delay  
An input delay is missing on in_port[15] relative to clock(s) stm_sys_clk
Related violations: <none>

TIMING-18#23 Warning
Missing input or output delay  
An input delay is missing on in_port[6] relative to clock(s) stm_sys_clk
Related violations: <none>

TIMING-18#24 Warning
Missing input or output delay  
An input delay is missing on in_port[7] relative to clock(s) stm_sys_clk
Related violations: <none>

TIMING-18#25 Warning
Missing input or output delay  
An input delay is missing on in_port[8] relative to clock(s) stm_sys_clk
Related violations: <none>

TIMING-18#26 Warning
Missing input or output delay  
An input delay is missing on in_port[9] relative to clock(s) stm_sys_clk
Related violations: <none>

TIMING-18#27 Warning
Missing input or output delay  
An input delay is missing on rst_ex relative to clock(s) stm_sys_clk
Related violations: <none>

TIMING-18#28 Warning
Missing input or output delay  
An input delay is missing on rst_ld relative to clock(s) stm_sys_clk
Related violations: <none>

TIMING-18#29 Warning
Missing input or output delay  
An output delay is missing on led_digits[0] relative to clock(s) board_clock
Related violations: <none>

TIMING-18#30 Warning
Missing input or output delay  
An output delay is missing on led_digits[1] relative to clock(s) board_clock
Related violations: <none>

TIMING-18#31 Warning
Missing input or output delay  
An output delay is missing on led_digits[2] relative to clock(s) board_clock
Related violations: <none>

TIMING-18#32 Warning
Missing input or output delay  
An output delay is missing on led_digits[3] relative to clock(s) board_clock
Related violations: <none>

TIMING-18#33 Warning
Missing input or output delay  
An output delay is missing on led_segments[0] relative to clock(s) board_clock, stm_sys_clk
Related violations: <none>

TIMING-18#34 Warning
Missing input or output delay  
An output delay is missing on led_segments[1] relative to clock(s) board_clock, stm_sys_clk
Related violations: <none>

TIMING-18#35 Warning
Missing input or output delay  
An output delay is missing on led_segments[2] relative to clock(s) board_clock, stm_sys_clk
Related violations: <none>

TIMING-18#36 Warning
Missing input or output delay  
An output delay is missing on led_segments[3] relative to clock(s) board_clock, stm_sys_clk
Related violations: <none>

TIMING-18#37 Warning
Missing input or output delay  
An output delay is missing on led_segments[4] relative to clock(s) board_clock, stm_sys_clk
Related violations: <none>

TIMING-18#38 Warning
Missing input or output delay  
An output delay is missing on led_segments[5] relative to clock(s) board_clock, stm_sys_clk
Related violations: <none>

TIMING-18#39 Warning
Missing input or output delay  
An output delay is missing on led_segments[6] relative to clock(s) board_clock, stm_sys_clk
Related violations: <none>

TIMING-18#40 Warning
Missing input or output delay  
An output delay is missing on out_port[0] relative to clock(s) stm_sys_clk
Related violations: <none>

TIMING-18#41 Warning
Missing input or output delay  
An output delay is missing on out_port[10] relative to clock(s) stm_sys_clk
Related violations: <none>

TIMING-18#42 Warning
Missing input or output delay  
An output delay is missing on out_port[11] relative to clock(s) stm_sys_clk
Related violations: <none>

TIMING-18#43 Warning
Missing input or output delay  
An output delay is missing on out_port[12] relative to clock(s) stm_sys_clk
Related violations: <none>

TIMING-18#44 Warning
Missing input or output delay  
An output delay is missing on out_port[13] relative to clock(s) stm_sys_clk
Related violations: <none>

TIMING-18#45 Warning
Missing input or output delay  
An output delay is missing on out_port[14] relative to clock(s) stm_sys_clk
Related violations: <none>

TIMING-18#46 Warning
Missing input or output delay  
An output delay is missing on out_port[15] relative to clock(s) stm_sys_clk
Related violations: <none>

TIMING-18#47 Warning
Missing input or output delay  
An output delay is missing on out_port[1] relative to clock(s) stm_sys_clk
Related violations: <none>

TIMING-18#48 Warning
Missing input or output delay  
An output delay is missing on out_port[2] relative to clock(s) stm_sys_clk
Related violations: <none>

TIMING-18#49 Warning
Missing input or output delay  
An output delay is missing on out_port[3] relative to clock(s) stm_sys_clk
Related violations: <none>

TIMING-18#50 Warning
Missing input or output delay  
An output delay is missing on out_port[4] relative to clock(s) stm_sys_clk
Related violations: <none>

TIMING-18#51 Warning
Missing input or output delay  
An output delay is missing on out_port[5] relative to clock(s) stm_sys_clk
Related violations: <none>

TIMING-18#52 Warning
Missing input or output delay  
An output delay is missing on out_port[6] relative to clock(s) stm_sys_clk
Related violations: <none>

TIMING-18#53 Warning
Missing input or output delay  
An output delay is missing on out_port[7] relative to clock(s) stm_sys_clk
Related violations: <none>

TIMING-18#54 Warning
Missing input or output delay  
An output delay is missing on out_port[8] relative to clock(s) stm_sys_clk
Related violations: <none>

TIMING-18#55 Warning
Missing input or output delay  
An output delay is missing on out_port[9] relative to clock(s) stm_sys_clk
Related violations: <none>

TIMING-18#56 Warning
Missing input or output delay  
An output delay is missing on stm_ack relative to clock(s) stm_sys_clk
Related violations: <none>


