Vivado Simulator 2017.4
Time resolution is 1 ps
Info: [XPM_MEMORY 20-1] MEMORY_PRIMITIVE (0) instructs Vivado Synthesis to choose the memory primitive type. Depending on their values, other XPM_MEMORY parameters may preclude the choice of certain memory primitive types. Review XPM_MEMORY documentation and parameter values to understand any limitations, or set MEMORY_PRIMITIVE to a different value. memory_TB.mem0.rom_0.xpm_memory_sprom_inst.xpm_memory_base_inst.config_drc
Time: 1 ps  Iteration: 0  Process: /memory_TB/mem0/rom_0/xpm_memory_sprom_inst/xpm_memory_base_inst/Initial270_0  File: /wrk/2017.4/nightly/2017_12_15_2086221/prep/rdi/vivado/data/ip/xpm/xpm_memory/hdl/xpm_memory.sv
Info: [XPM_MEMORY 20-2] MEMORY_INIT_FILE (none), MEMORY_INIT_PARAM together specify no memory initialization. Initial memory contents will be all 0's. memory_TB.mem0.ram_0.xpm_memory_dpdistram_inst.xpm_memory_base_inst.config_drc  0
Time: 1 ps  Iteration: 0  Process: /memory_TB/mem0/ram_0/xpm_memory_dpdistram_inst/xpm_memory_base_inst/Initial270_5  File: /wrk/2017.4/nightly/2017_12_15_2086221/prep/rdi/vivado/data/ip/xpm/xpm_memory/hdl/xpm_memory.sv
Warning: [XPM_MEMORY 30-15] MEMORY_TYPE (2) and MEMORY_PRIMITIVE (1) together specify a true dual port distributed RAM, which will be mapped to a dual port RAM structure using port A and B read interfaces but a single port A write interface, leaving the port B write interface unused. memory_TB.mem0.ram_0.xpm_memory_dpdistram_inst.xpm_memory_base_inst.config_drc
Time: 1 ps  Iteration: 0  Process: /memory_TB/mem0/ram_0/xpm_memory_dpdistram_inst/xpm_memory_base_inst/Initial270_5  File: /wrk/2017.4/nightly/2017_12_15_2086221/prep/rdi/vivado/data/ip/xpm/xpm_memory/hdl/xpm_memory.sv
Error: Unexpected return value. inst_out_i = 16960
Time: 30 ns  Iteration: 1  Process: /memory_TB/TEST_PROC  File: C:/Users/Brett/source/repos/ECE449/sub_modules/testbench/memory_TB.vhd
Error: Unexpected return value. inst_out_i = 17024
Time: 40 ns  Iteration: 1  Process: /memory_TB/TEST_PROC  File: C:/Users/Brett/source/repos/ECE449/sub_modules/testbench/memory_TB.vhd
Error: Unexpected return value. inst_out_i = 0
Time: 50 ns  Iteration: 1  Process: /memory_TB/TEST_PROC  File: C:/Users/Brett/source/repos/ECE449/sub_modules/testbench/memory_TB.vhd
Error: Unexpected return value. inst_out_i = 0
Time: 60 ns  Iteration: 1  Process: /memory_TB/TEST_PROC  File: C:/Users/Brett/source/repos/ECE449/sub_modules/testbench/memory_TB.vhd
Error: Unexpected return value. inst_out_i = 0
Time: 70 ns  Iteration: 1  Process: /memory_TB/TEST_PROC  File: C:/Users/Brett/source/repos/ECE449/sub_modules/testbench/memory_TB.vhd
Error: Unexpected return value. inst_out_i = 0
Time: 80 ns  Iteration: 1  Process: /memory_TB/TEST_PROC  File: C:/Users/Brett/source/repos/ECE449/sub_modules/testbench/memory_TB.vhd
Error: Unexpected return value. inst_out_i = 721
Time: 90 ns  Iteration: 1  Process: /memory_TB/TEST_PROC  File: C:/Users/Brett/source/repos/ECE449/sub_modules/testbench/memory_TB.vhd
Error: Unexpected return value. inst_out_i = 0
Time: 100 ns  Iteration: 1  Process: /memory_TB/TEST_PROC  File: C:/Users/Brett/source/repos/ECE449/sub_modules/testbench/memory_TB.vhd
Error: Unexpected return value. inst_out_i = 0
Time: 110 ns  Iteration: 1  Process: /memory_TB/TEST_PROC  File: C:/Users/Brett/source/repos/ECE449/sub_modules/testbench/memory_TB.vhd
Error: Unexpected return value. inst_out_i = 0
Time: 120 ns  Iteration: 1  Process: /memory_TB/TEST_PROC  File: C:/Users/Brett/source/repos/ECE449/sub_modules/testbench/memory_TB.vhd
Error: Unexpected return value. inst_out_i = 0
Time: 130 ns  Iteration: 1  Process: /memory_TB/TEST_PROC  File: C:/Users/Brett/source/repos/ECE449/sub_modules/testbench/memory_TB.vhd
Error: Unexpected return value. inst_out_i = 2754
Time: 140 ns  Iteration: 1  Process: /memory_TB/TEST_PROC  File: C:/Users/Brett/source/repos/ECE449/sub_modules/testbench/memory_TB.vhd
Error: Unexpected return value. inst_out_i = 0
Time: 150 ns  Iteration: 1  Process: /memory_TB/TEST_PROC  File: C:/Users/Brett/source/repos/ECE449/sub_modules/testbench/memory_TB.vhd
Error: Unexpected return value. inst_out_i = 0
Time: 160 ns  Iteration: 1  Process: /memory_TB/TEST_PROC  File: C:/Users/Brett/source/repos/ECE449/sub_modules/testbench/memory_TB.vhd
Error: Unexpected return value. inst_out_i = 0
Time: 170 ns  Iteration: 1  Process: /memory_TB/TEST_PROC  File: C:/Users/Brett/source/repos/ECE449/sub_modules/testbench/memory_TB.vhd
Error: Unexpected return value. inst_out_i = 0
Time: 180 ns  Iteration: 1  Process: /memory_TB/TEST_PROC  File: C:/Users/Brett/source/repos/ECE449/sub_modules/testbench/memory_TB.vhd
Error: Unexpected return value. inst_out_i = 1675
Time: 190 ns  Iteration: 1  Process: /memory_TB/TEST_PROC  File: C:/Users/Brett/source/repos/ECE449/sub_modules/testbench/memory_TB.vhd
Error: Unexpected return value. inst_out_i = 0
Time: 200 ns  Iteration: 1  Process: /memory_TB/TEST_PROC  File: C:/Users/Brett/source/repos/ECE449/sub_modules/testbench/memory_TB.vhd
Error: Unexpected return value. inst_out_i = 0
Time: 210 ns  Iteration: 1  Process: /memory_TB/TEST_PROC  File: C:/Users/Brett/source/repos/ECE449/sub_modules/testbench/memory_TB.vhd
Error: Unexpected return value. inst_out_i = 0
Time: 220 ns  Iteration: 1  Process: /memory_TB/TEST_PROC  File: C:/Users/Brett/source/repos/ECE449/sub_modules/testbench/memory_TB.vhd
Error: Unexpected return value. inst_out_i = 0
Time: 230 ns  Iteration: 1  Process: /memory_TB/TEST_PROC  File: C:/Users/Brett/source/repos/ECE449/sub_modules/testbench/memory_TB.vhd
Error: Unexpected return value. inst_out_i = 16512
Time: 240 ns  Iteration: 1  Process: /memory_TB/TEST_PROC  File: C:/Users/Brett/source/repos/ECE449/sub_modules/testbench/memory_TB.vhd
Error: Unexpected return value. inst_out_i = 0
Time: 250 ns  Iteration: 1  Process: /memory_TB/TEST_PROC  File: C:/Users/Brett/source/repos/ECE449/sub_modules/testbench/memory_TB.vhd
Error: Unexpected return value. inst_out_i = 0
Time: 260 ns  Iteration: 1  Process: /memory_TB/TEST_PROC  File: C:/Users/Brett/source/repos/ECE449/sub_modules/testbench/memory_TB.vhd
Error: Unexpected return value. inst_out_i = 0
Time: 270 ns  Iteration: 1  Process: /memory_TB/TEST_PROC  File: C:/Users/Brett/source/repos/ECE449/sub_modules/testbench/memory_TB.vhd
Error: Unexpected return value. inst_out_i = 0
Time: 280 ns  Iteration: 1  Process: /memory_TB/TEST_PROC  File: C:/Users/Brett/source/repos/ECE449/sub_modules/testbench/memory_TB.vhd
Error: Unexpected return value. inst_out_i = 0
Time: 290 ns  Iteration: 1  Process: /memory_TB/TEST_PROC  File: C:/Users/Brett/source/repos/ECE449/sub_modules/testbench/memory_TB.vhd
Error: Unexpected return value. inst_out_i = 0
Time: 300 ns  Iteration: 1  Process: /memory_TB/TEST_PROC  File: C:/Users/Brett/source/repos/ECE449/sub_modules/testbench/memory_TB.vhd
Error: Unexpected return value. inst_out_i = 0
Time: 310 ns  Iteration: 1  Process: /memory_TB/TEST_PROC  File: C:/Users/Brett/source/repos/ECE449/sub_modules/testbench/memory_TB.vhd
Error: Unexpected return value. inst_out_i = 0
Time: 320 ns  Iteration: 1  Process: /memory_TB/TEST_PROC  File: C:/Users/Brett/source/repos/ECE449/sub_modules/testbench/memory_TB.vhd
Error: Unexpected return value. inst_out_i = 0
Time: 330 ns  Iteration: 1  Process: /memory_TB/TEST_PROC  File: C:/Users/Brett/source/repos/ECE449/sub_modules/testbench/memory_TB.vhd
Error: Unexpected return value. inst_out_i = 0
Time: 340 ns  Iteration: 1  Process: /memory_TB/TEST_PROC  File: C:/Users/Brett/source/repos/ECE449/sub_modules/testbench/memory_TB.vhd
Error: Unexpected return value. inst_out_i = 0
Time: 350 ns  Iteration: 1  Process: /memory_TB/TEST_PROC  File: C:/Users/Brett/source/repos/ECE449/sub_modules/testbench/memory_TB.vhd
Error: Unexpected return value. inst_out_i = 0
Time: 360 ns  Iteration: 1  Process: /memory_TB/TEST_PROC  File: C:/Users/Brett/source/repos/ECE449/sub_modules/testbench/memory_TB.vhd
Error: Unexpected return value. inst_out_i = 0
Time: 370 ns  Iteration: 1  Process: /memory_TB/TEST_PROC  File: C:/Users/Brett/source/repos/ECE449/sub_modules/testbench/memory_TB.vhd
Error: Unexpected return value. inst_out_i = 0
Time: 380 ns  Iteration: 1  Process: /memory_TB/TEST_PROC  File: C:/Users/Brett/source/repos/ECE449/sub_modules/testbench/memory_TB.vhd
Error: Unexpected return value. inst_out_i = 0
Time: 390 ns  Iteration: 1  Process: /memory_TB/TEST_PROC  File: C:/Users/Brett/source/repos/ECE449/sub_modules/testbench/memory_TB.vhd
Error: Unexpected return value. inst_out_i = 0
Time: 400 ns  Iteration: 1  Process: /memory_TB/TEST_PROC  File: C:/Users/Brett/source/repos/ECE449/sub_modules/testbench/memory_TB.vhd
Error: Unexpected return value. inst_out_i = 0
Time: 410 ns  Iteration: 1  Process: /memory_TB/TEST_PROC  File: C:/Users/Brett/source/repos/ECE449/sub_modules/testbench/memory_TB.vhd
Error: Unexpected return value. inst_out_i = 0
Time: 420 ns  Iteration: 1  Process: /memory_TB/TEST_PROC  File: C:/Users/Brett/source/repos/ECE449/sub_modules/testbench/memory_TB.vhd
Error: Unexpected return value. inst_out_i = 0
Time: 430 ns  Iteration: 1  Process: /memory_TB/TEST_PROC  File: C:/Users/Brett/source/repos/ECE449/sub_modules/testbench/memory_TB.vhd
Error: Unexpected return value. inst_out_i = 0
Time: 440 ns  Iteration: 1  Process: /memory_TB/TEST_PROC  File: C:/Users/Brett/source/repos/ECE449/sub_modules/testbench/memory_TB.vhd
Error: Unexpected return value. inst_out_i = 0
Time: 450 ns  Iteration: 1  Process: /memory_TB/TEST_PROC  File: C:/Users/Brett/source/repos/ECE449/sub_modules/testbench/memory_TB.vhd
Error: Unexpected return value. inst_out_i = 0
Time: 460 ns  Iteration: 1  Process: /memory_TB/TEST_PROC  File: C:/Users/Brett/source/repos/ECE449/sub_modules/testbench/memory_TB.vhd
Error: Unexpected return value. inst_out_i = 0
Time: 470 ns  Iteration: 1  Process: /memory_TB/TEST_PROC  File: C:/Users/Brett/source/repos/ECE449/sub_modules/testbench/memory_TB.vhd
Error: Unexpected return value. inst_out_i = 0
Time: 480 ns  Iteration: 1  Process: /memory_TB/TEST_PROC  File: C:/Users/Brett/source/repos/ECE449/sub_modules/testbench/memory_TB.vhd
Error: Unexpected return value. inst_out_i = 0
Time: 490 ns  Iteration: 1  Process: /memory_TB/TEST_PROC  File: C:/Users/Brett/source/repos/ECE449/sub_modules/testbench/memory_TB.vhd
Error: Unexpected return value. inst_out_i = 0
Time: 500 ns  Iteration: 1  Process: /memory_TB/TEST_PROC  File: C:/Users/Brett/source/repos/ECE449/sub_modules/testbench/memory_TB.vhd
Error: Unexpected return value. inst_out_i = 0
Time: 510 ns  Iteration: 1  Process: /memory_TB/TEST_PROC  File: C:/Users/Brett/source/repos/ECE449/sub_modules/testbench/memory_TB.vhd
Error: Unexpected return value. inst_out_i = 0
Time: 520 ns  Iteration: 1  Process: /memory_TB/TEST_PROC  File: C:/Users/Brett/source/repos/ECE449/sub_modules/testbench/memory_TB.vhd
Error: Unexpected return value. inst_out_i = 0
Time: 530 ns  Iteration: 1  Process: /memory_TB/TEST_PROC  File: C:/Users/Brett/source/repos/ECE449/sub_modules/testbench/memory_TB.vhd
Error: Unexpected return value. inst_out_i = 0
Time: 540 ns  Iteration: 1  Process: /memory_TB/TEST_PROC  File: C:/Users/Brett/source/repos/ECE449/sub_modules/testbench/memory_TB.vhd
Error: Unexpected return value. inst_out_i = 0
Time: 550 ns  Iteration: 1  Process: /memory_TB/TEST_PROC  File: C:/Users/Brett/source/repos/ECE449/sub_modules/testbench/memory_TB.vhd
Error: Unexpected return value. inst_out_i = 0
Time: 560 ns  Iteration: 1  Process: /memory_TB/TEST_PROC  File: C:/Users/Brett/source/repos/ECE449/sub_modules/testbench/memory_TB.vhd
Error: Unexpected return value. inst_out_i = 0
Time: 570 ns  Iteration: 1  Process: /memory_TB/TEST_PROC  File: C:/Users/Brett/source/repos/ECE449/sub_modules/testbench/memory_TB.vhd
Error: Unexpected return value. inst_out_i = 0
Time: 580 ns  Iteration: 1  Process: /memory_TB/TEST_PROC  File: C:/Users/Brett/source/repos/ECE449/sub_modules/testbench/memory_TB.vhd
Error: Unexpected return value. inst_out_i = 0
Time: 590 ns  Iteration: 1  Process: /memory_TB/TEST_PROC  File: C:/Users/Brett/source/repos/ECE449/sub_modules/testbench/memory_TB.vhd
Error: Unexpected return value. inst_out_i = 0
Time: 600 ns  Iteration: 1  Process: /memory_TB/TEST_PROC  File: C:/Users/Brett/source/repos/ECE449/sub_modules/testbench/memory_TB.vhd
Error: Unexpected return value. inst_out_i = 0
Time: 610 ns  Iteration: 1  Process: /memory_TB/TEST_PROC  File: C:/Users/Brett/source/repos/ECE449/sub_modules/testbench/memory_TB.vhd
Error: Unexpected return value. inst_out_i = 0
Time: 620 ns  Iteration: 1  Process: /memory_TB/TEST_PROC  File: C:/Users/Brett/source/repos/ECE449/sub_modules/testbench/memory_TB.vhd
Error: Unexpected return value. inst_out_i = 0
Time: 630 ns  Iteration: 1  Process: /memory_TB/TEST_PROC  File: C:/Users/Brett/source/repos/ECE449/sub_modules/testbench/memory_TB.vhd
Error: Unexpected return value. inst_out_i = 0
Time: 640 ns  Iteration: 1  Process: /memory_TB/TEST_PROC  File: C:/Users/Brett/source/repos/ECE449/sub_modules/testbench/memory_TB.vhd
Error: Unexpected return value. inst_out_i = 0
Time: 650 ns  Iteration: 1  Process: /memory_TB/TEST_PROC  File: C:/Users/Brett/source/repos/ECE449/sub_modules/testbench/memory_TB.vhd
Error: Unexpected return value. inst_out_i = 0
Time: 660 ns  Iteration: 1  Process: /memory_TB/TEST_PROC  File: C:/Users/Brett/source/repos/ECE449/sub_modules/testbench/memory_TB.vhd
Error: Unexpected return value. inst_out_i = 0
Time: 670 ns  Iteration: 1  Process: /memory_TB/TEST_PROC  File: C:/Users/Brett/source/repos/ECE449/sub_modules/testbench/memory_TB.vhd
Error: Unexpected return value. inst_out_i = 0
Time: 680 ns  Iteration: 1  Process: /memory_TB/TEST_PROC  File: C:/Users/Brett/source/repos/ECE449/sub_modules/testbench/memory_TB.vhd
Error: Unexpected return value. inst_out_i = 0
Time: 690 ns  Iteration: 1  Process: /memory_TB/TEST_PROC  File: C:/Users/Brett/source/repos/ECE449/sub_modules/testbench/memory_TB.vhd
Error: Unexpected return value. inst_out_i = 0
Time: 700 ns  Iteration: 1  Process: /memory_TB/TEST_PROC  File: C:/Users/Brett/source/repos/ECE449/sub_modules/testbench/memory_TB.vhd
Error: Unexpected return value. inst_out_i = 0
Time: 710 ns  Iteration: 1  Process: /memory_TB/TEST_PROC  File: C:/Users/Brett/source/repos/ECE449/sub_modules/testbench/memory_TB.vhd
Error: Unexpected return value. inst_out_i = 0
Time: 720 ns  Iteration: 1  Process: /memory_TB/TEST_PROC  File: C:/Users/Brett/source/repos/ECE449/sub_modules/testbench/memory_TB.vhd
Error: Unexpected return value. inst_out_i = 0
Time: 730 ns  Iteration: 1  Process: /memory_TB/TEST_PROC  File: C:/Users/Brett/source/repos/ECE449/sub_modules/testbench/memory_TB.vhd
Error: Unexpected return value. inst_out_i = 0
Time: 740 ns  Iteration: 1  Process: /memory_TB/TEST_PROC  File: C:/Users/Brett/source/repos/ECE449/sub_modules/testbench/memory_TB.vhd
Error: Unexpected return value. inst_out_i = 0
Time: 750 ns  Iteration: 1  Process: /memory_TB/TEST_PROC  File: C:/Users/Brett/source/repos/ECE449/sub_modules/testbench/memory_TB.vhd
Error: Unexpected return value. inst_out_i = 0
Time: 760 ns  Iteration: 1  Process: /memory_TB/TEST_PROC  File: C:/Users/Brett/source/repos/ECE449/sub_modules/testbench/memory_TB.vhd
Error: Unexpected return value. inst_out_i = 0
Time: 770 ns  Iteration: 1  Process: /memory_TB/TEST_PROC  File: C:/Users/Brett/source/repos/ECE449/sub_modules/testbench/memory_TB.vhd
Error: Unexpected return value. inst_out_i = 0
Time: 780 ns  Iteration: 1  Process: /memory_TB/TEST_PROC  File: C:/Users/Brett/source/repos/ECE449/sub_modules/testbench/memory_TB.vhd
Error: Unexpected return value. inst_out_i = 0
Time: 790 ns  Iteration: 1  Process: /memory_TB/TEST_PROC  File: C:/Users/Brett/source/repos/ECE449/sub_modules/testbench/memory_TB.vhd
Error: Unexpected return value. inst_out_i = 0
Time: 800 ns  Iteration: 1  Process: /memory_TB/TEST_PROC  File: C:/Users/Brett/source/repos/ECE449/sub_modules/testbench/memory_TB.vhd
Error: Unexpected return value. inst_out_i = 0
Time: 810 ns  Iteration: 1  Process: /memory_TB/TEST_PROC  File: C:/Users/Brett/source/repos/ECE449/sub_modules/testbench/memory_TB.vhd
Error: Unexpected return value. inst_out_i = 0
Time: 820 ns  Iteration: 1  Process: /memory_TB/TEST_PROC  File: C:/Users/Brett/source/repos/ECE449/sub_modules/testbench/memory_TB.vhd
Error: Unexpected return value. inst_out_i = 0
Time: 830 ns  Iteration: 1  Process: /memory_TB/TEST_PROC  File: C:/Users/Brett/source/repos/ECE449/sub_modules/testbench/memory_TB.vhd
Error: Unexpected return value. inst_out_i = 0
Time: 840 ns  Iteration: 1  Process: /memory_TB/TEST_PROC  File: C:/Users/Brett/source/repos/ECE449/sub_modules/testbench/memory_TB.vhd
Error: Unexpected return value. inst_out_i = 0
Time: 850 ns  Iteration: 1  Process: /memory_TB/TEST_PROC  File: C:/Users/Brett/source/repos/ECE449/sub_modules/testbench/memory_TB.vhd
Error: Unexpected return value. inst_out_i = 0
Time: 860 ns  Iteration: 1  Process: /memory_TB/TEST_PROC  File: C:/Users/Brett/source/repos/ECE449/sub_modules/testbench/memory_TB.vhd
Error: Unexpected return value. inst_out_i = 0
Time: 870 ns  Iteration: 1  Process: /memory_TB/TEST_PROC  File: C:/Users/Brett/source/repos/ECE449/sub_modules/testbench/memory_TB.vhd
Error: Unexpected return value. inst_out_i = 0
Time: 880 ns  Iteration: 1  Process: /memory_TB/TEST_PROC  File: C:/Users/Brett/source/repos/ECE449/sub_modules/testbench/memory_TB.vhd
Error: Unexpected return value. inst_out_i = 0
Time: 890 ns  Iteration: 1  Process: /memory_TB/TEST_PROC  File: C:/Users/Brett/source/repos/ECE449/sub_modules/testbench/memory_TB.vhd
Error: Unexpected return value. inst_out_i = 0
Time: 900 ns  Iteration: 1  Process: /memory_TB/TEST_PROC  File: C:/Users/Brett/source/repos/ECE449/sub_modules/testbench/memory_TB.vhd
Error: Unexpected return value. inst_out_i = 0
Time: 910 ns  Iteration: 1  Process: /memory_TB/TEST_PROC  File: C:/Users/Brett/source/repos/ECE449/sub_modules/testbench/memory_TB.vhd
Error: Unexpected return value. inst_out_i = 0
Time: 920 ns  Iteration: 1  Process: /memory_TB/TEST_PROC  File: C:/Users/Brett/source/repos/ECE449/sub_modules/testbench/memory_TB.vhd
Error: Unexpected return value. inst_out_i = 0
Time: 930 ns  Iteration: 1  Process: /memory_TB/TEST_PROC  File: C:/Users/Brett/source/repos/ECE449/sub_modules/testbench/memory_TB.vhd
Error: Unexpected return value. inst_out_i = 0
Time: 940 ns  Iteration: 1  Process: /memory_TB/TEST_PROC  File: C:/Users/Brett/source/repos/ECE449/sub_modules/testbench/memory_TB.vhd
Error: Unexpected return value. inst_out_i = 0
Time: 950 ns  Iteration: 1  Process: /memory_TB/TEST_PROC  File: C:/Users/Brett/source/repos/ECE449/sub_modules/testbench/memory_TB.vhd
Error: Unexpected return value. inst_out_i = 0
Time: 960 ns  Iteration: 1  Process: /memory_TB/TEST_PROC  File: C:/Users/Brett/source/repos/ECE449/sub_modules/testbench/memory_TB.vhd
Error: Unexpected return value. inst_out_i = 0
Time: 970 ns  Iteration: 1  Process: /memory_TB/TEST_PROC  File: C:/Users/Brett/source/repos/ECE449/sub_modules/testbench/memory_TB.vhd
Error: Unexpected return value. inst_out_i = 0
Time: 980 ns  Iteration: 1  Process: /memory_TB/TEST_PROC  File: C:/Users/Brett/source/repos/ECE449/sub_modules/testbench/memory_TB.vhd
Error: Unexpected return value. inst_out_i = 0
Time: 990 ns  Iteration: 1  Process: /memory_TB/TEST_PROC  File: C:/Users/Brett/source/repos/ECE449/sub_modules/testbench/memory_TB.vhd
Error: Unexpected return value. inst_out_i = 0
Time: 1 us  Iteration: 1  Process: /memory_TB/TEST_PROC  File: C:/Users/Brett/source/repos/ECE449/sub_modules/testbench/memory_TB.vhd
Error: Unexpected return value. inst_out_i = 0
Time: 1010 ns  Iteration: 1  Process: /memory_TB/TEST_PROC  File: C:/Users/Brett/source/repos/ECE449/sub_modules/testbench/memory_TB.vhd
Error: Unexpected return value. inst_out_i = 0
Time: 1020 ns  Iteration: 1  Process: /memory_TB/TEST_PROC  File: C:/Users/Brett/source/repos/ECE449/sub_modules/testbench/memory_TB.vhd
Error: Unexpected return value. inst_out_i = 0
Time: 1030 ns  Iteration: 1  Process: /memory_TB/TEST_PROC  File: C:/Users/Brett/source/repos/ECE449/sub_modules/testbench/memory_TB.vhd
Error: Unexpected return value. inst_out_i = 0
Time: 1040 ns  Iteration: 1  Process: /memory_TB/TEST_PROC  File: C:/Users/Brett/source/repos/ECE449/sub_modules/testbench/memory_TB.vhd
Error: Unexpected return value. inst_out_i = 0
Time: 1050 ns  Iteration: 1  Process: /memory_TB/TEST_PROC  File: C:/Users/Brett/source/repos/ECE449/sub_modules/testbench/memory_TB.vhd
Error: Unexpected return value. inst_out_i = 0
Time: 1060 ns  Iteration: 1  Process: /memory_TB/TEST_PROC  File: C:/Users/Brett/source/repos/ECE449/sub_modules/testbench/memory_TB.vhd
Error: Unexpected return value. inst_out_i = 0
Time: 1070 ns  Iteration: 1  Process: /memory_TB/TEST_PROC  File: C:/Users/Brett/source/repos/ECE449/sub_modules/testbench/memory_TB.vhd
Error: Unexpected return value. inst_out_i = 0
Time: 1080 ns  Iteration: 1  Process: /memory_TB/TEST_PROC  File: C:/Users/Brett/source/repos/ECE449/sub_modules/testbench/memory_TB.vhd
Error: Unexpected return value. inst_out_i = 0
Time: 1090 ns  Iteration: 1  Process: /memory_TB/TEST_PROC  File: C:/Users/Brett/source/repos/ECE449/sub_modules/testbench/memory_TB.vhd
Error: Unexpected return value. inst_out_i = 0
Time: 1100 ns  Iteration: 1  Process: /memory_TB/TEST_PROC  File: C:/Users/Brett/source/repos/ECE449/sub_modules/testbench/memory_TB.vhd
Error: Unexpected return value. inst_out_i = 0
Time: 1110 ns  Iteration: 1  Process: /memory_TB/TEST_PROC  File: C:/Users/Brett/source/repos/ECE449/sub_modules/testbench/memory_TB.vhd
Error: Unexpected return value. inst_out_i = 0
Time: 1120 ns  Iteration: 1  Process: /memory_TB/TEST_PROC  File: C:/Users/Brett/source/repos/ECE449/sub_modules/testbench/memory_TB.vhd
Error: Unexpected return value. inst_out_i = 0
Time: 1130 ns  Iteration: 1  Process: /memory_TB/TEST_PROC  File: C:/Users/Brett/source/repos/ECE449/sub_modules/testbench/memory_TB.vhd
Error: Unexpected return value. inst_out_i = 0
Time: 1140 ns  Iteration: 1  Process: /memory_TB/TEST_PROC  File: C:/Users/Brett/source/repos/ECE449/sub_modules/testbench/memory_TB.vhd
Error: Unexpected return value. inst_out_i = 0
Time: 1150 ns  Iteration: 1  Process: /memory_TB/TEST_PROC  File: C:/Users/Brett/source/repos/ECE449/sub_modules/testbench/memory_TB.vhd
Error: Unexpected return value. inst_out_i = 0
Time: 1160 ns  Iteration: 1  Process: /memory_TB/TEST_PROC  File: C:/Users/Brett/source/repos/ECE449/sub_modules/testbench/memory_TB.vhd
Error: Unexpected return value. inst_out_i = 0
Time: 1170 ns  Iteration: 1  Process: /memory_TB/TEST_PROC  File: C:/Users/Brett/source/repos/ECE449/sub_modules/testbench/memory_TB.vhd
Error: Unexpected return value. inst_out_i = 0
Time: 1180 ns  Iteration: 1  Process: /memory_TB/TEST_PROC  File: C:/Users/Brett/source/repos/ECE449/sub_modules/testbench/memory_TB.vhd
Error: Unexpected return value. inst_out_i = 0
Time: 1190 ns  Iteration: 1  Process: /memory_TB/TEST_PROC  File: C:/Users/Brett/source/repos/ECE449/sub_modules/testbench/memory_TB.vhd
Error: Unexpected return value. inst_out_i = 0
Time: 1200 ns  Iteration: 1  Process: /memory_TB/TEST_PROC  File: C:/Users/Brett/source/repos/ECE449/sub_modules/testbench/memory_TB.vhd
Error: Unexpected return value. inst_out_i = 0
Time: 1210 ns  Iteration: 1  Process: /memory_TB/TEST_PROC  File: C:/Users/Brett/source/repos/ECE449/sub_modules/testbench/memory_TB.vhd
Error: Unexpected return value. inst_out_i = 0
Time: 1220 ns  Iteration: 1  Process: /memory_TB/TEST_PROC  File: C:/Users/Brett/source/repos/ECE449/sub_modules/testbench/memory_TB.vhd
Error: Unexpected return value. inst_out_i = 0
Time: 1230 ns  Iteration: 1  Process: /memory_TB/TEST_PROC  File: C:/Users/Brett/source/repos/ECE449/sub_modules/testbench/memory_TB.vhd
Error: Unexpected return value. inst_out_i = 0
Time: 1240 ns  Iteration: 1  Process: /memory_TB/TEST_PROC  File: C:/Users/Brett/source/repos/ECE449/sub_modules/testbench/memory_TB.vhd
Error: Unexpected return value. inst_out_i = 0
Time: 1250 ns  Iteration: 1  Process: /memory_TB/TEST_PROC  File: C:/Users/Brett/source/repos/ECE449/sub_modules/testbench/memory_TB.vhd
Error: Unexpected return value. inst_out_i = 0
Time: 1260 ns  Iteration: 1  Process: /memory_TB/TEST_PROC  File: C:/Users/Brett/source/repos/ECE449/sub_modules/testbench/memory_TB.vhd
Error: Unexpected return value. inst_out_i = 0
Time: 1270 ns  Iteration: 1  Process: /memory_TB/TEST_PROC  File: C:/Users/Brett/source/repos/ECE449/sub_modules/testbench/memory_TB.vhd
Error: Unexpected return value. inst_out_i = 0
Time: 1280 ns  Iteration: 1  Process: /memory_TB/TEST_PROC  File: C:/Users/Brett/source/repos/ECE449/sub_modules/testbench/memory_TB.vhd
Error: Unexpected return value. inst_out_i = 0
Time: 1290 ns  Iteration: 1  Process: /memory_TB/TEST_PROC  File: C:/Users/Brett/source/repos/ECE449/sub_modules/testbench/memory_TB.vhd
Error: Unexpected return value. inst_out_i = 0
Time: 1300 ns  Iteration: 1  Process: /memory_TB/TEST_PROC  File: C:/Users/Brett/source/repos/ECE449/sub_modules/testbench/memory_TB.vhd
Error: Unexpected return value. inst_out_i = 0
Time: 1310 ns  Iteration: 1  Process: /memory_TB/TEST_PROC  File: C:/Users/Brett/source/repos/ECE449/sub_modules/testbench/memory_TB.vhd
Error: Unexpected return value. inst_out_i = 0
Time: 1320 ns  Iteration: 1  Process: /memory_TB/TEST_PROC  File: C:/Users/Brett/source/repos/ECE449/sub_modules/testbench/memory_TB.vhd
Error: Unexpected return value. inst_out_i = 0
Time: 1330 ns  Iteration: 1  Process: /memory_TB/TEST_PROC  File: C:/Users/Brett/source/repos/ECE449/sub_modules/testbench/memory_TB.vhd
Error: Unexpected return value. inst_out_i = 0
Time: 1340 ns  Iteration: 1  Process: /memory_TB/TEST_PROC  File: C:/Users/Brett/source/repos/ECE449/sub_modules/testbench/memory_TB.vhd
Error: Unexpected return value. inst_out_i = 0
Time: 1350 ns  Iteration: 1  Process: /memory_TB/TEST_PROC  File: C:/Users/Brett/source/repos/ECE449/sub_modules/testbench/memory_TB.vhd
Error: Unexpected return value. inst_out_i = 0
Time: 1360 ns  Iteration: 1  Process: /memory_TB/TEST_PROC  File: C:/Users/Brett/source/repos/ECE449/sub_modules/testbench/memory_TB.vhd
Error: Unexpected return value. inst_out_i = 0
Time: 1370 ns  Iteration: 1  Process: /memory_TB/TEST_PROC  File: C:/Users/Brett/source/repos/ECE449/sub_modules/testbench/memory_TB.vhd
Error: Unexpected return value. inst_out_i = 0
Time: 1380 ns  Iteration: 1  Process: /memory_TB/TEST_PROC  File: C:/Users/Brett/source/repos/ECE449/sub_modules/testbench/memory_TB.vhd
Error: Unexpected return value. inst_out_i = 0
Time: 1390 ns  Iteration: 1  Process: /memory_TB/TEST_PROC  File: C:/Users/Brett/source/repos/ECE449/sub_modules/testbench/memory_TB.vhd
Error: Unexpected return value. inst_out_i = 0
Time: 1400 ns  Iteration: 1  Process: /memory_TB/TEST_PROC  File: C:/Users/Brett/source/repos/ECE449/sub_modules/testbench/memory_TB.vhd
Error: Unexpected return value. inst_out_i = 0
Time: 1410 ns  Iteration: 1  Process: /memory_TB/TEST_PROC  File: C:/Users/Brett/source/repos/ECE449/sub_modules/testbench/memory_TB.vhd
Error: Unexpected return value. inst_out_i = 0
Time: 1420 ns  Iteration: 1  Process: /memory_TB/TEST_PROC  File: C:/Users/Brett/source/repos/ECE449/sub_modules/testbench/memory_TB.vhd
Error: Unexpected return value. inst_out_i = 0
Time: 1430 ns  Iteration: 1  Process: /memory_TB/TEST_PROC  File: C:/Users/Brett/source/repos/ECE449/sub_modules/testbench/memory_TB.vhd
Error: Unexpected return value. inst_out_i = 0
Time: 1440 ns  Iteration: 1  Process: /memory_TB/TEST_PROC  File: C:/Users/Brett/source/repos/ECE449/sub_modules/testbench/memory_TB.vhd
Error: Unexpected return value. inst_out_i = 0
Time: 1450 ns  Iteration: 1  Process: /memory_TB/TEST_PROC  File: C:/Users/Brett/source/repos/ECE449/sub_modules/testbench/memory_TB.vhd
Error: Unexpected return value. inst_out_i = 0
Time: 1460 ns  Iteration: 1  Process: /memory_TB/TEST_PROC  File: C:/Users/Brett/source/repos/ECE449/sub_modules/testbench/memory_TB.vhd
Error: Unexpected return value. inst_out_i = 0
Time: 1470 ns  Iteration: 1  Process: /memory_TB/TEST_PROC  File: C:/Users/Brett/source/repos/ECE449/sub_modules/testbench/memory_TB.vhd
Error: Unexpected return value. inst_out_i = 0
Time: 1480 ns  Iteration: 1  Process: /memory_TB/TEST_PROC  File: C:/Users/Brett/source/repos/ECE449/sub_modules/testbench/memory_TB.vhd
Error: Unexpected return value. inst_out_i = 0
Time: 1490 ns  Iteration: 1  Process: /memory_TB/TEST_PROC  File: C:/Users/Brett/source/repos/ECE449/sub_modules/testbench/memory_TB.vhd
Error: Unexpected return value. inst_out_i = 0
Time: 1500 ns  Iteration: 1  Process: /memory_TB/TEST_PROC  File: C:/Users/Brett/source/repos/ECE449/sub_modules/testbench/memory_TB.vhd
Error: Unexpected return value. inst_out_i = 0
Time: 1510 ns  Iteration: 1  Process: /memory_TB/TEST_PROC  File: C:/Users/Brett/source/repos/ECE449/sub_modules/testbench/memory_TB.vhd
Error: Unexpected return value. inst_out_i = 0
Time: 1520 ns  Iteration: 1  Process: /memory_TB/TEST_PROC  File: C:/Users/Brett/source/repos/ECE449/sub_modules/testbench/memory_TB.vhd
Error: Unexpected return value. inst_out_i = 0
Time: 1530 ns  Iteration: 1  Process: /memory_TB/TEST_PROC  File: C:/Users/Brett/source/repos/ECE449/sub_modules/testbench/memory_TB.vhd
Error: Unexpected return value. inst_out_i = 0
Time: 1540 ns  Iteration: 1  Process: /memory_TB/TEST_PROC  File: C:/Users/Brett/source/repos/ECE449/sub_modules/testbench/memory_TB.vhd
Error: Unexpected return value. inst_out_i = 0
Time: 1550 ns  Iteration: 1  Process: /memory_TB/TEST_PROC  File: C:/Users/Brett/source/repos/ECE449/sub_modules/testbench/memory_TB.vhd
Error: Unexpected return value. inst_out_i = 0
Time: 1560 ns  Iteration: 1  Process: /memory_TB/TEST_PROC  File: C:/Users/Brett/source/repos/ECE449/sub_modules/testbench/memory_TB.vhd
Error: Unexpected return value. inst_out_i = 0
Time: 1570 ns  Iteration: 1  Process: /memory_TB/TEST_PROC  File: C:/Users/Brett/source/repos/ECE449/sub_modules/testbench/memory_TB.vhd
Error: Unexpected return value. inst_out_i = 0
Time: 1580 ns  Iteration: 1  Process: /memory_TB/TEST_PROC  File: C:/Users/Brett/source/repos/ECE449/sub_modules/testbench/memory_TB.vhd
Error: Unexpected return value. inst_out_i = 0
Time: 1590 ns  Iteration: 1  Process: /memory_TB/TEST_PROC  File: C:/Users/Brett/source/repos/ECE449/sub_modules/testbench/memory_TB.vhd
Error: Unexpected return value. inst_out_i = 0
Time: 1600 ns  Iteration: 1  Process: /memory_TB/TEST_PROC  File: C:/Users/Brett/source/repos/ECE449/sub_modules/testbench/memory_TB.vhd
Error: Unexpected return value. inst_out_i = 0
Time: 1610 ns  Iteration: 1  Process: /memory_TB/TEST_PROC  File: C:/Users/Brett/source/repos/ECE449/sub_modules/testbench/memory_TB.vhd
Error: Unexpected return value. inst_out_i = 0
Time: 1620 ns  Iteration: 1  Process: /memory_TB/TEST_PROC  File: C:/Users/Brett/source/repos/ECE449/sub_modules/testbench/memory_TB.vhd
Error: Unexpected return value. inst_out_i = 0
Time: 1630 ns  Iteration: 1  Process: /memory_TB/TEST_PROC  File: C:/Users/Brett/source/repos/ECE449/sub_modules/testbench/memory_TB.vhd
Error: Unexpected return value. inst_out_i = 0
Time: 1640 ns  Iteration: 1  Process: /memory_TB/TEST_PROC  File: C:/Users/Brett/source/repos/ECE449/sub_modules/testbench/memory_TB.vhd
Error: Unexpected return value. inst_out_i = 0
Time: 1650 ns  Iteration: 1  Process: /memory_TB/TEST_PROC  File: C:/Users/Brett/source/repos/ECE449/sub_modules/testbench/memory_TB.vhd
Error: Unexpected return value. inst_out_i = 0
Time: 1660 ns  Iteration: 1  Process: /memory_TB/TEST_PROC  File: C:/Users/Brett/source/repos/ECE449/sub_modules/testbench/memory_TB.vhd
Error: Unexpected return value. inst_out_i = 0
Time: 1670 ns  Iteration: 1  Process: /memory_TB/TEST_PROC  File: C:/Users/Brett/source/repos/ECE449/sub_modules/testbench/memory_TB.vhd
Error: Unexpected return value. inst_out_i = 0
Time: 1680 ns  Iteration: 1  Process: /memory_TB/TEST_PROC  File: C:/Users/Brett/source/repos/ECE449/sub_modules/testbench/memory_TB.vhd
Error: Unexpected return value. inst_out_i = 0
Time: 1690 ns  Iteration: 1  Process: /memory_TB/TEST_PROC  File: C:/Users/Brett/source/repos/ECE449/sub_modules/testbench/memory_TB.vhd
Error: Unexpected return value. inst_out_i = 0
Time: 1700 ns  Iteration: 1  Process: /memory_TB/TEST_PROC  File: C:/Users/Brett/source/repos/ECE449/sub_modules/testbench/memory_TB.vhd
Error: Unexpected return value. inst_out_i = 0
Time: 1710 ns  Iteration: 1  Process: /memory_TB/TEST_PROC  File: C:/Users/Brett/source/repos/ECE449/sub_modules/testbench/memory_TB.vhd
Error: Unexpected return value. inst_out_i = 0
Time: 1720 ns  Iteration: 1  Process: /memory_TB/TEST_PROC  File: C:/Users/Brett/source/repos/ECE449/sub_modules/testbench/memory_TB.vhd
Error: Unexpected return value. inst_out_i = 0
Time: 1730 ns  Iteration: 1  Process: /memory_TB/TEST_PROC  File: C:/Users/Brett/source/repos/ECE449/sub_modules/testbench/memory_TB.vhd
Error: Unexpected return value. inst_out_i = 0
Time: 1740 ns  Iteration: 1  Process: /memory_TB/TEST_PROC  File: C:/Users/Brett/source/repos/ECE449/sub_modules/testbench/memory_TB.vhd
Error: Unexpected return value. inst_out_i = 0
Time: 1750 ns  Iteration: 1  Process: /memory_TB/TEST_PROC  File: C:/Users/Brett/source/repos/ECE449/sub_modules/testbench/memory_TB.vhd
Error: Unexpected return value. inst_out_i = 0
Time: 1760 ns  Iteration: 1  Process: /memory_TB/TEST_PROC  File: C:/Users/Brett/source/repos/ECE449/sub_modules/testbench/memory_TB.vhd
Error: Unexpected return value. inst_out_i = 0
Time: 1770 ns  Iteration: 1  Process: /memory_TB/TEST_PROC  File: C:/Users/Brett/source/repos/ECE449/sub_modules/testbench/memory_TB.vhd
Error: Unexpected return value. inst_out_i = 0
Time: 1780 ns  Iteration: 1  Process: /memory_TB/TEST_PROC  File: C:/Users/Brett/source/repos/ECE449/sub_modules/testbench/memory_TB.vhd
Error: Unexpected return value. inst_out_i = 0
Time: 1790 ns  Iteration: 1  Process: /memory_TB/TEST_PROC  File: C:/Users/Brett/source/repos/ECE449/sub_modules/testbench/memory_TB.vhd
Error: Unexpected return value. inst_out_i = 0
Time: 1800 ns  Iteration: 1  Process: /memory_TB/TEST_PROC  File: C:/Users/Brett/source/repos/ECE449/sub_modules/testbench/memory_TB.vhd
Error: Unexpected return value. inst_out_i = 0
Time: 1810 ns  Iteration: 1  Process: /memory_TB/TEST_PROC  File: C:/Users/Brett/source/repos/ECE449/sub_modules/testbench/memory_TB.vhd
Error: Unexpected return value. inst_out_i = 0
Time: 1820 ns  Iteration: 1  Process: /memory_TB/TEST_PROC  File: C:/Users/Brett/source/repos/ECE449/sub_modules/testbench/memory_TB.vhd
Error: Unexpected return value. inst_out_i = 0
Time: 1830 ns  Iteration: 1  Process: /memory_TB/TEST_PROC  File: C:/Users/Brett/source/repos/ECE449/sub_modules/testbench/memory_TB.vhd
Error: Unexpected return value. inst_out_i = 0
Time: 1840 ns  Iteration: 1  Process: /memory_TB/TEST_PROC  File: C:/Users/Brett/source/repos/ECE449/sub_modules/testbench/memory_TB.vhd
Error: Unexpected return value. inst_out_i = 0
Time: 1850 ns  Iteration: 1  Process: /memory_TB/TEST_PROC  File: C:/Users/Brett/source/repos/ECE449/sub_modules/testbench/memory_TB.vhd
Error: Unexpected return value. inst_out_i = 0
Time: 1860 ns  Iteration: 1  Process: /memory_TB/TEST_PROC  File: C:/Users/Brett/source/repos/ECE449/sub_modules/testbench/memory_TB.vhd
Error: Unexpected return value. inst_out_i = 0
Time: 1870 ns  Iteration: 1  Process: /memory_TB/TEST_PROC  File: C:/Users/Brett/source/repos/ECE449/sub_modules/testbench/memory_TB.vhd
Error: Unexpected return value. inst_out_i = 0
Time: 1880 ns  Iteration: 1  Process: /memory_TB/TEST_PROC  File: C:/Users/Brett/source/repos/ECE449/sub_modules/testbench/memory_TB.vhd
Error: Unexpected return value. inst_out_i = 0
Time: 1890 ns  Iteration: 1  Process: /memory_TB/TEST_PROC  File: C:/Users/Brett/source/repos/ECE449/sub_modules/testbench/memory_TB.vhd
Error: Unexpected return value. inst_out_i = 0
Time: 1900 ns  Iteration: 1  Process: /memory_TB/TEST_PROC  File: C:/Users/Brett/source/repos/ECE449/sub_modules/testbench/memory_TB.vhd
Error: Unexpected return value. inst_out_i = 0
Time: 1910 ns  Iteration: 1  Process: /memory_TB/TEST_PROC  File: C:/Users/Brett/source/repos/ECE449/sub_modules/testbench/memory_TB.vhd
Error: Unexpected return value. inst_out_i = 0
Time: 1920 ns  Iteration: 1  Process: /memory_TB/TEST_PROC  File: C:/Users/Brett/source/repos/ECE449/sub_modules/testbench/memory_TB.vhd
Error: Unexpected return value. inst_out_i = 0
Time: 1930 ns  Iteration: 1  Process: /memory_TB/TEST_PROC  File: C:/Users/Brett/source/repos/ECE449/sub_modules/testbench/memory_TB.vhd
Error: Unexpected return value. inst_out_i = 0
Time: 1940 ns  Iteration: 1  Process: /memory_TB/TEST_PROC  File: C:/Users/Brett/source/repos/ECE449/sub_modules/testbench/memory_TB.vhd
Error: Unexpected return value. inst_out_i = 0
Time: 1950 ns  Iteration: 1  Process: /memory_TB/TEST_PROC  File: C:/Users/Brett/source/repos/ECE449/sub_modules/testbench/memory_TB.vhd
Error: Unexpected return value. inst_out_i = 0
Time: 1960 ns  Iteration: 1  Process: /memory_TB/TEST_PROC  File: C:/Users/Brett/source/repos/ECE449/sub_modules/testbench/memory_TB.vhd
Error: Unexpected return value. inst_out_i = 0
Time: 1970 ns  Iteration: 1  Process: /memory_TB/TEST_PROC  File: C:/Users/Brett/source/repos/ECE449/sub_modules/testbench/memory_TB.vhd
Error: Unexpected return value. inst_out_i = 0
Time: 1980 ns  Iteration: 1  Process: /memory_TB/TEST_PROC  File: C:/Users/Brett/source/repos/ECE449/sub_modules/testbench/memory_TB.vhd
Error: Unexpected return value. inst_out_i = 0
Time: 1990 ns  Iteration: 1  Process: /memory_TB/TEST_PROC  File: C:/Users/Brett/source/repos/ECE449/sub_modules/testbench/memory_TB.vhd
Error: Unexpected return value. inst_out_i = 0
Time: 2 us  Iteration: 1  Process: /memory_TB/TEST_PROC  File: C:/Users/Brett/source/repos/ECE449/sub_modules/testbench/memory_TB.vhd
Error: Unexpected return value. inst_out_i = 0
Time: 2010 ns  Iteration: 1  Process: /memory_TB/TEST_PROC  File: C:/Users/Brett/source/repos/ECE449/sub_modules/testbench/memory_TB.vhd
Error: Unexpected return value. inst_out_i = 0
Time: 2020 ns  Iteration: 1  Process: /memory_TB/TEST_PROC  File: C:/Users/Brett/source/repos/ECE449/sub_modules/testbench/memory_TB.vhd
Error: Unexpected return value. inst_out_i = 0
Time: 2030 ns  Iteration: 1  Process: /memory_TB/TEST_PROC  File: C:/Users/Brett/source/repos/ECE449/sub_modules/testbench/memory_TB.vhd
Error: Unexpected return value. inst_out_i = 0
Time: 2040 ns  Iteration: 1  Process: /memory_TB/TEST_PROC  File: C:/Users/Brett/source/repos/ECE449/sub_modules/testbench/memory_TB.vhd
Error: Unexpected return value. inst_out_i = 0
Time: 2050 ns  Iteration: 1  Process: /memory_TB/TEST_PROC  File: C:/Users/Brett/source/repos/ECE449/sub_modules/testbench/memory_TB.vhd
Error: Unexpected return value. inst_out_i = 0
Time: 2060 ns  Iteration: 1  Process: /memory_TB/TEST_PROC  File: C:/Users/Brett/source/repos/ECE449/sub_modules/testbench/memory_TB.vhd
Error: Unexpected return value. inst_out_i = 0
Time: 2070 ns  Iteration: 1  Process: /memory_TB/TEST_PROC  File: C:/Users/Brett/source/repos/ECE449/sub_modules/testbench/memory_TB.vhd
Error: Unexpected return value. inst_out_i = 0
Time: 2080 ns  Iteration: 1  Process: /memory_TB/TEST_PROC  File: C:/Users/Brett/source/repos/ECE449/sub_modules/testbench/memory_TB.vhd
Error: Unexpected return value. inst_out_i = 0
Time: 2090 ns  Iteration: 1  Process: /memory_TB/TEST_PROC  File: C:/Users/Brett/source/repos/ECE449/sub_modules/testbench/memory_TB.vhd
Error: Unexpected return value. inst_out_i = 0
Time: 2100 ns  Iteration: 1  Process: /memory_TB/TEST_PROC  File: C:/Users/Brett/source/repos/ECE449/sub_modules/testbench/memory_TB.vhd
Error: Unexpected return value. inst_out_i = 0
Time: 2110 ns  Iteration: 1  Process: /memory_TB/TEST_PROC  File: C:/Users/Brett/source/repos/ECE449/sub_modules/testbench/memory_TB.vhd
Error: Unexpected return value. inst_out_i = 0
Time: 2120 ns  Iteration: 1  Process: /memory_TB/TEST_PROC  File: C:/Users/Brett/source/repos/ECE449/sub_modules/testbench/memory_TB.vhd
Error: Unexpected return value. inst_out_i = 0
Time: 2130 ns  Iteration: 1  Process: /memory_TB/TEST_PROC  File: C:/Users/Brett/source/repos/ECE449/sub_modules/testbench/memory_TB.vhd
Error: Unexpected return value. inst_out_i = 0
Time: 2140 ns  Iteration: 1  Process: /memory_TB/TEST_PROC  File: C:/Users/Brett/source/repos/ECE449/sub_modules/testbench/memory_TB.vhd
Error: Unexpected return value. inst_out_i = 0
Time: 2150 ns  Iteration: 1  Process: /memory_TB/TEST_PROC  File: C:/Users/Brett/source/repos/ECE449/sub_modules/testbench/memory_TB.vhd
Error: Unexpected return value. inst_out_i = 0
Time: 2160 ns  Iteration: 1  Process: /memory_TB/TEST_PROC  File: C:/Users/Brett/source/repos/ECE449/sub_modules/testbench/memory_TB.vhd
Error: Unexpected return value. inst_out_i = 0
Time: 2170 ns  Iteration: 1  Process: /memory_TB/TEST_PROC  File: C:/Users/Brett/source/repos/ECE449/sub_modules/testbench/memory_TB.vhd
Error: Unexpected return value. inst_out_i = 0
Time: 2180 ns  Iteration: 1  Process: /memory_TB/TEST_PROC  File: C:/Users/Brett/source/repos/ECE449/sub_modules/testbench/memory_TB.vhd
Error: Unexpected return value. inst_out_i = 0
Time: 2190 ns  Iteration: 1  Process: /memory_TB/TEST_PROC  File: C:/Users/Brett/source/repos/ECE449/sub_modules/testbench/memory_TB.vhd
Error: Unexpected return value. inst_out_i = 0
Time: 2200 ns  Iteration: 1  Process: /memory_TB/TEST_PROC  File: C:/Users/Brett/source/repos/ECE449/sub_modules/testbench/memory_TB.vhd
Error: Unexpected return value. inst_out_i = 0
Time: 2210 ns  Iteration: 1  Process: /memory_TB/TEST_PROC  File: C:/Users/Brett/source/repos/ECE449/sub_modules/testbench/memory_TB.vhd
Error: Unexpected return value. inst_out_i = 0
Time: 2220 ns  Iteration: 1  Process: /memory_TB/TEST_PROC  File: C:/Users/Brett/source/repos/ECE449/sub_modules/testbench/memory_TB.vhd
Error: Unexpected return value. inst_out_i = 0
Time: 2230 ns  Iteration: 1  Process: /memory_TB/TEST_PROC  File: C:/Users/Brett/source/repos/ECE449/sub_modules/testbench/memory_TB.vhd
Error: Unexpected return value. inst_out_i = 0
Time: 2240 ns  Iteration: 1  Process: /memory_TB/TEST_PROC  File: C:/Users/Brett/source/repos/ECE449/sub_modules/testbench/memory_TB.vhd
Error: Unexpected return value. inst_out_i = 0
Time: 2250 ns  Iteration: 1  Process: /memory_TB/TEST_PROC  File: C:/Users/Brett/source/repos/ECE449/sub_modules/testbench/memory_TB.vhd
Error: Unexpected return value. inst_out_i = 0
Time: 2260 ns  Iteration: 1  Process: /memory_TB/TEST_PROC  File: C:/Users/Brett/source/repos/ECE449/sub_modules/testbench/memory_TB.vhd
Error: Unexpected return value. inst_out_i = 0
Time: 2270 ns  Iteration: 1  Process: /memory_TB/TEST_PROC  File: C:/Users/Brett/source/repos/ECE449/sub_modules/testbench/memory_TB.vhd
Error: Unexpected return value. inst_out_i = 0
Time: 2280 ns  Iteration: 1  Process: /memory_TB/TEST_PROC  File: C:/Users/Brett/source/repos/ECE449/sub_modules/testbench/memory_TB.vhd
Error: Unexpected return value. inst_out_i = 0
Time: 2290 ns  Iteration: 1  Process: /memory_TB/TEST_PROC  File: C:/Users/Brett/source/repos/ECE449/sub_modules/testbench/memory_TB.vhd
Error: Unexpected return value. inst_out_i = 0
Time: 2300 ns  Iteration: 1  Process: /memory_TB/TEST_PROC  File: C:/Users/Brett/source/repos/ECE449/sub_modules/testbench/memory_TB.vhd
Error: Unexpected return value. inst_out_i = 0
Time: 2310 ns  Iteration: 1  Process: /memory_TB/TEST_PROC  File: C:/Users/Brett/source/repos/ECE449/sub_modules/testbench/memory_TB.vhd
Error: Unexpected return value. inst_out_i = 0
Time: 2320 ns  Iteration: 1  Process: /memory_TB/TEST_PROC  File: C:/Users/Brett/source/repos/ECE449/sub_modules/testbench/memory_TB.vhd
Error: Unexpected return value. inst_out_i = 0
Time: 2330 ns  Iteration: 1  Process: /memory_TB/TEST_PROC  File: C:/Users/Brett/source/repos/ECE449/sub_modules/testbench/memory_TB.vhd
Error: Unexpected return value. inst_out_i = 0
Time: 2340 ns  Iteration: 1  Process: /memory_TB/TEST_PROC  File: C:/Users/Brett/source/repos/ECE449/sub_modules/testbench/memory_TB.vhd
Error: Unexpected return value. inst_out_i = 0
Time: 2350 ns  Iteration: 1  Process: /memory_TB/TEST_PROC  File: C:/Users/Brett/source/repos/ECE449/sub_modules/testbench/memory_TB.vhd
Error: Unexpected return value. inst_out_i = 0
Time: 2360 ns  Iteration: 1  Process: /memory_TB/TEST_PROC  File: C:/Users/Brett/source/repos/ECE449/sub_modules/testbench/memory_TB.vhd
Error: Unexpected return value. inst_out_i = 0
Time: 2370 ns  Iteration: 1  Process: /memory_TB/TEST_PROC  File: C:/Users/Brett/source/repos/ECE449/sub_modules/testbench/memory_TB.vhd
Error: Unexpected return value. inst_out_i = 0
Time: 2380 ns  Iteration: 1  Process: /memory_TB/TEST_PROC  File: C:/Users/Brett/source/repos/ECE449/sub_modules/testbench/memory_TB.vhd
Error: Unexpected return value. inst_out_i = 0
Time: 2390 ns  Iteration: 1  Process: /memory_TB/TEST_PROC  File: C:/Users/Brett/source/repos/ECE449/sub_modules/testbench/memory_TB.vhd
Error: Unexpected return value. inst_out_i = 0
Time: 2400 ns  Iteration: 1  Process: /memory_TB/TEST_PROC  File: C:/Users/Brett/source/repos/ECE449/sub_modules/testbench/memory_TB.vhd
Error: Unexpected return value. inst_out_i = 0
Time: 2410 ns  Iteration: 1  Process: /memory_TB/TEST_PROC  File: C:/Users/Brett/source/repos/ECE449/sub_modules/testbench/memory_TB.vhd
Error: Unexpected return value. inst_out_i = 0
Time: 2420 ns  Iteration: 1  Process: /memory_TB/TEST_PROC  File: C:/Users/Brett/source/repos/ECE449/sub_modules/testbench/memory_TB.vhd
Error: Unexpected return value. inst_out_i = 0
Time: 2430 ns  Iteration: 1  Process: /memory_TB/TEST_PROC  File: C:/Users/Brett/source/repos/ECE449/sub_modules/testbench/memory_TB.vhd
Error: Unexpected return value. inst_out_i = 0
Time: 2440 ns  Iteration: 1  Process: /memory_TB/TEST_PROC  File: C:/Users/Brett/source/repos/ECE449/sub_modules/testbench/memory_TB.vhd
Error: Unexpected return value. inst_out_i = 0
Time: 2450 ns  Iteration: 1  Process: /memory_TB/TEST_PROC  File: C:/Users/Brett/source/repos/ECE449/sub_modules/testbench/memory_TB.vhd
Error: Unexpected return value. inst_out_i = 0
Time: 2460 ns  Iteration: 1  Process: /memory_TB/TEST_PROC  File: C:/Users/Brett/source/repos/ECE449/sub_modules/testbench/memory_TB.vhd
Error: Unexpected return value. inst_out_i = 0
Time: 2470 ns  Iteration: 1  Process: /memory_TB/TEST_PROC  File: C:/Users/Brett/source/repos/ECE449/sub_modules/testbench/memory_TB.vhd
Error: Unexpected return value. inst_out_i = 0
Time: 2480 ns  Iteration: 1  Process: /memory_TB/TEST_PROC  File: C:/Users/Brett/source/repos/ECE449/sub_modules/testbench/memory_TB.vhd
Error: Unexpected return value. inst_out_i = 0
Time: 2490 ns  Iteration: 1  Process: /memory_TB/TEST_PROC  File: C:/Users/Brett/source/repos/ECE449/sub_modules/testbench/memory_TB.vhd
Error: Unexpected return value. inst_out_i = 0
Time: 2500 ns  Iteration: 1  Process: /memory_TB/TEST_PROC  File: C:/Users/Brett/source/repos/ECE449/sub_modules/testbench/memory_TB.vhd
Error: Unexpected return value. inst_out_i = 0
Time: 2510 ns  Iteration: 1  Process: /memory_TB/TEST_PROC  File: C:/Users/Brett/source/repos/ECE449/sub_modules/testbench/memory_TB.vhd
Error: Unexpected return value. inst_out_i = 0
Time: 2520 ns  Iteration: 1  Process: /memory_TB/TEST_PROC  File: C:/Users/Brett/source/repos/ECE449/sub_modules/testbench/memory_TB.vhd
Error: Unexpected return value. inst_out_i = 0
Time: 2530 ns  Iteration: 1  Process: /memory_TB/TEST_PROC  File: C:/Users/Brett/source/repos/ECE449/sub_modules/testbench/memory_TB.vhd
Error: Unexpected return value. inst_out_i = 0
Time: 2540 ns  Iteration: 1  Process: /memory_TB/TEST_PROC  File: C:/Users/Brett/source/repos/ECE449/sub_modules/testbench/memory_TB.vhd
Error: Unexpected return value. inst_out_i = 0
Time: 2550 ns  Iteration: 1  Process: /memory_TB/TEST_PROC  File: C:/Users/Brett/source/repos/ECE449/sub_modules/testbench/memory_TB.vhd
Error: Unexpected return value. inst_out_i = 0
Time: 2560 ns  Iteration: 1  Process: /memory_TB/TEST_PROC  File: C:/Users/Brett/source/repos/ECE449/sub_modules/testbench/memory_TB.vhd
Error: Unexpected return value. inst_out_i = 0
Time: 2570 ns  Iteration: 1  Process: /memory_TB/TEST_PROC  File: C:/Users/Brett/source/repos/ECE449/sub_modules/testbench/memory_TB.vhd
Error: Unexpected return value. inst_out_i = 0
Time: 2580 ns  Iteration: 1  Process: /memory_TB/TEST_PROC  File: C:/Users/Brett/source/repos/ECE449/sub_modules/testbench/memory_TB.vhd
Error: Unexpected return value. inst_out_i = 0
Time: 2590 ns  Iteration: 1  Process: /memory_TB/TEST_PROC  File: C:/Users/Brett/source/repos/ECE449/sub_modules/testbench/memory_TB.vhd
Error: Unexpected return value. inst_out_i = 0
Time: 2600 ns  Iteration: 1  Process: /memory_TB/TEST_PROC  File: C:/Users/Brett/source/repos/ECE449/sub_modules/testbench/memory_TB.vhd
Error: Unexpected return value. inst_out_i = 0
Time: 2610 ns  Iteration: 1  Process: /memory_TB/TEST_PROC  File: C:/Users/Brett/source/repos/ECE449/sub_modules/testbench/memory_TB.vhd
Error: Unexpected return value. inst_out_i = 0
Time: 2620 ns  Iteration: 1  Process: /memory_TB/TEST_PROC  File: C:/Users/Brett/source/repos/ECE449/sub_modules/testbench/memory_TB.vhd
Error: Unexpected return value. inst_out_i = 0
Time: 2630 ns  Iteration: 1  Process: /memory_TB/TEST_PROC  File: C:/Users/Brett/source/repos/ECE449/sub_modules/testbench/memory_TB.vhd
Error: Unexpected return value. inst_out_i = 0
Time: 2640 ns  Iteration: 1  Process: /memory_TB/TEST_PROC  File: C:/Users/Brett/source/repos/ECE449/sub_modules/testbench/memory_TB.vhd
Error: Unexpected return value. inst_out_i = 0
Time: 2650 ns  Iteration: 1  Process: /memory_TB/TEST_PROC  File: C:/Users/Brett/source/repos/ECE449/sub_modules/testbench/memory_TB.vhd
Error: Unexpected return value. inst_out_i = 0
Time: 2660 ns  Iteration: 1  Process: /memory_TB/TEST_PROC  File: C:/Users/Brett/source/repos/ECE449/sub_modules/testbench/memory_TB.vhd
Error: Unexpected return value. inst_out_i = 0
Time: 2670 ns  Iteration: 1  Process: /memory_TB/TEST_PROC  File: C:/Users/Brett/source/repos/ECE449/sub_modules/testbench/memory_TB.vhd
Error: Unexpected return value. inst_out_i = 0
Time: 2680 ns  Iteration: 1  Process: /memory_TB/TEST_PROC  File: C:/Users/Brett/source/repos/ECE449/sub_modules/testbench/memory_TB.vhd
Error: Unexpected return value. inst_out_i = 0
Time: 2690 ns  Iteration: 1  Process: /memory_TB/TEST_PROC  File: C:/Users/Brett/source/repos/ECE449/sub_modules/testbench/memory_TB.vhd
Error: Unexpected return value. inst_out_i = 0
Time: 2700 ns  Iteration: 1  Process: /memory_TB/TEST_PROC  File: C:/Users/Brett/source/repos/ECE449/sub_modules/testbench/memory_TB.vhd
Error: Unexpected return value. inst_out_i = 0
Time: 2710 ns  Iteration: 1  Process: /memory_TB/TEST_PROC  File: C:/Users/Brett/source/repos/ECE449/sub_modules/testbench/memory_TB.vhd
Error: Unexpected return value. inst_out_i = 0
Time: 2720 ns  Iteration: 1  Process: /memory_TB/TEST_PROC  File: C:/Users/Brett/source/repos/ECE449/sub_modules/testbench/memory_TB.vhd
Error: Unexpected return value. inst_out_i = 0
Time: 2730 ns  Iteration: 1  Process: /memory_TB/TEST_PROC  File: C:/Users/Brett/source/repos/ECE449/sub_modules/testbench/memory_TB.vhd
Error: Unexpected return value. inst_out_i = 0
Time: 2740 ns  Iteration: 1  Process: /memory_TB/TEST_PROC  File: C:/Users/Brett/source/repos/ECE449/sub_modules/testbench/memory_TB.vhd
Error: Unexpected return value. inst_out_i = 0
Time: 2750 ns  Iteration: 1  Process: /memory_TB/TEST_PROC  File: C:/Users/Brett/source/repos/ECE449/sub_modules/testbench/memory_TB.vhd
Error: Unexpected return value. inst_out_i = 0
Time: 2760 ns  Iteration: 1  Process: /memory_TB/TEST_PROC  File: C:/Users/Brett/source/repos/ECE449/sub_modules/testbench/memory_TB.vhd
Error: Unexpected return value. inst_out_i = 0
Time: 2770 ns  Iteration: 1  Process: /memory_TB/TEST_PROC  File: C:/Users/Brett/source/repos/ECE449/sub_modules/testbench/memory_TB.vhd
Error: Unexpected return value. inst_out_i = 0
Time: 2780 ns  Iteration: 1  Process: /memory_TB/TEST_PROC  File: C:/Users/Brett/source/repos/ECE449/sub_modules/testbench/memory_TB.vhd
Error: Unexpected return value. inst_out_i = 0
Time: 2790 ns  Iteration: 1  Process: /memory_TB/TEST_PROC  File: C:/Users/Brett/source/repos/ECE449/sub_modules/testbench/memory_TB.vhd
Error: Unexpected return value. inst_out_i = 0
Time: 2800 ns  Iteration: 1  Process: /memory_TB/TEST_PROC  File: C:/Users/Brett/source/repos/ECE449/sub_modules/testbench/memory_TB.vhd
Error: Unexpected return value. inst_out_i = 0
Time: 2810 ns  Iteration: 1  Process: /memory_TB/TEST_PROC  File: C:/Users/Brett/source/repos/ECE449/sub_modules/testbench/memory_TB.vhd
Error: Unexpected return value. inst_out_i = 0
Time: 2820 ns  Iteration: 1  Process: /memory_TB/TEST_PROC  File: C:/Users/Brett/source/repos/ECE449/sub_modules/testbench/memory_TB.vhd
Error: Unexpected return value. inst_out_i = 0
Time: 2830 ns  Iteration: 1  Process: /memory_TB/TEST_PROC  File: C:/Users/Brett/source/repos/ECE449/sub_modules/testbench/memory_TB.vhd
Error: Unexpected return value. inst_out_i = 0
Time: 2840 ns  Iteration: 1  Process: /memory_TB/TEST_PROC  File: C:/Users/Brett/source/repos/ECE449/sub_modules/testbench/memory_TB.vhd
Error: Unexpected return value. inst_out_i = 0
Time: 2850 ns  Iteration: 1  Process: /memory_TB/TEST_PROC  File: C:/Users/Brett/source/repos/ECE449/sub_modules/testbench/memory_TB.vhd
Error: Unexpected return value. inst_out_i = 0
Time: 2860 ns  Iteration: 1  Process: /memory_TB/TEST_PROC  File: C:/Users/Brett/source/repos/ECE449/sub_modules/testbench/memory_TB.vhd
Error: Unexpected return value. inst_out_i = 0
Time: 2870 ns  Iteration: 1  Process: /memory_TB/TEST_PROC  File: C:/Users/Brett/source/repos/ECE449/sub_modules/testbench/memory_TB.vhd
Error: Unexpected return value. inst_out_i = 0
Time: 2880 ns  Iteration: 1  Process: /memory_TB/TEST_PROC  File: C:/Users/Brett/source/repos/ECE449/sub_modules/testbench/memory_TB.vhd
Error: Unexpected return value. inst_out_i = 0
Time: 2890 ns  Iteration: 1  Process: /memory_TB/TEST_PROC  File: C:/Users/Brett/source/repos/ECE449/sub_modules/testbench/memory_TB.vhd
Error: Unexpected return value. inst_out_i = 0
Time: 2900 ns  Iteration: 1  Process: /memory_TB/TEST_PROC  File: C:/Users/Brett/source/repos/ECE449/sub_modules/testbench/memory_TB.vhd
Error: Unexpected return value. inst_out_i = 0
Time: 2910 ns  Iteration: 1  Process: /memory_TB/TEST_PROC  File: C:/Users/Brett/source/repos/ECE449/sub_modules/testbench/memory_TB.vhd
Error: Unexpected return value. inst_out_i = 0
Time: 2920 ns  Iteration: 1  Process: /memory_TB/TEST_PROC  File: C:/Users/Brett/source/repos/ECE449/sub_modules/testbench/memory_TB.vhd
Error: Unexpected return value. inst_out_i = 0
Time: 2930 ns  Iteration: 1  Process: /memory_TB/TEST_PROC  File: C:/Users/Brett/source/repos/ECE449/sub_modules/testbench/memory_TB.vhd
Error: Unexpected return value. inst_out_i = 0
Time: 2940 ns  Iteration: 1  Process: /memory_TB/TEST_PROC  File: C:/Users/Brett/source/repos/ECE449/sub_modules/testbench/memory_TB.vhd
Error: Unexpected return value. inst_out_i = 0
Time: 2950 ns  Iteration: 1  Process: /memory_TB/TEST_PROC  File: C:/Users/Brett/source/repos/ECE449/sub_modules/testbench/memory_TB.vhd
Error: Unexpected return value. inst_out_i = 0
Time: 2960 ns  Iteration: 1  Process: /memory_TB/TEST_PROC  File: C:/Users/Brett/source/repos/ECE449/sub_modules/testbench/memory_TB.vhd
Error: Unexpected return value. inst_out_i = 0
Time: 2970 ns  Iteration: 1  Process: /memory_TB/TEST_PROC  File: C:/Users/Brett/source/repos/ECE449/sub_modules/testbench/memory_TB.vhd
Error: Unexpected return value. inst_out_i = 0
Time: 2980 ns  Iteration: 1  Process: /memory_TB/TEST_PROC  File: C:/Users/Brett/source/repos/ECE449/sub_modules/testbench/memory_TB.vhd
Error: Unexpected return value. inst_out_i = 0
Time: 2990 ns  Iteration: 1  Process: /memory_TB/TEST_PROC  File: C:/Users/Brett/source/repos/ECE449/sub_modules/testbench/memory_TB.vhd
Error: Unexpected return value. inst_out_i = 0
Time: 3 us  Iteration: 1  Process: /memory_TB/TEST_PROC  File: C:/Users/Brett/source/repos/ECE449/sub_modules/testbench/memory_TB.vhd
Error: Unexpected return value. inst_out_i = 0
Time: 3010 ns  Iteration: 1  Process: /memory_TB/TEST_PROC  File: C:/Users/Brett/source/repos/ECE449/sub_modules/testbench/memory_TB.vhd
Error: Unexpected return value. inst_out_i = 0
Time: 3020 ns  Iteration: 1  Process: /memory_TB/TEST_PROC  File: C:/Users/Brett/source/repos/ECE449/sub_modules/testbench/memory_TB.vhd
Error: Unexpected return value. inst_out_i = 0
Time: 3030 ns  Iteration: 1  Process: /memory_TB/TEST_PROC  File: C:/Users/Brett/source/repos/ECE449/sub_modules/testbench/memory_TB.vhd
Error: Unexpected return value. inst_out_i = 0
Time: 3040 ns  Iteration: 1  Process: /memory_TB/TEST_PROC  File: C:/Users/Brett/source/repos/ECE449/sub_modules/testbench/memory_TB.vhd
Error: Unexpected return value. inst_out_i = 0
Time: 3050 ns  Iteration: 1  Process: /memory_TB/TEST_PROC  File: C:/Users/Brett/source/repos/ECE449/sub_modules/testbench/memory_TB.vhd
Error: Unexpected return value. inst_out_i = 0
Time: 3060 ns  Iteration: 1  Process: /memory_TB/TEST_PROC  File: C:/Users/Brett/source/repos/ECE449/sub_modules/testbench/memory_TB.vhd
Error: Unexpected return value. inst_out_i = 0
Time: 3070 ns  Iteration: 1  Process: /memory_TB/TEST_PROC  File: C:/Users/Brett/source/repos/ECE449/sub_modules/testbench/memory_TB.vhd
Error: Unexpected return value. inst_out_i = 0
Time: 3080 ns  Iteration: 1  Process: /memory_TB/TEST_PROC  File: C:/Users/Brett/source/repos/ECE449/sub_modules/testbench/memory_TB.vhd
Error: Unexpected return value. inst_out_i = 0
Time: 3090 ns  Iteration: 1  Process: /memory_TB/TEST_PROC  File: C:/Users/Brett/source/repos/ECE449/sub_modules/testbench/memory_TB.vhd
Error: Unexpected return value. inst_out_i = 0
Time: 3100 ns  Iteration: 1  Process: /memory_TB/TEST_PROC  File: C:/Users/Brett/source/repos/ECE449/sub_modules/testbench/memory_TB.vhd
Error: Unexpected return value. inst_out_i = 0
Time: 3110 ns  Iteration: 1  Process: /memory_TB/TEST_PROC  File: C:/Users/Brett/source/repos/ECE449/sub_modules/testbench/memory_TB.vhd
Error: Unexpected return value. inst_out_i = 0
Time: 3120 ns  Iteration: 1  Process: /memory_TB/TEST_PROC  File: C:/Users/Brett/source/repos/ECE449/sub_modules/testbench/memory_TB.vhd
Error: Unexpected return value. inst_out_i = 0
Time: 3130 ns  Iteration: 1  Process: /memory_TB/TEST_PROC  File: C:/Users/Brett/source/repos/ECE449/sub_modules/testbench/memory_TB.vhd
Error: Unexpected return value. inst_out_i = 0
Time: 3140 ns  Iteration: 1  Process: /memory_TB/TEST_PROC  File: C:/Users/Brett/source/repos/ECE449/sub_modules/testbench/memory_TB.vhd
Error: Unexpected return value. inst_out_i = 0
Time: 3150 ns  Iteration: 1  Process: /memory_TB/TEST_PROC  File: C:/Users/Brett/source/repos/ECE449/sub_modules/testbench/memory_TB.vhd
Error: Unexpected return value. inst_out_i = 0
Time: 3160 ns  Iteration: 1  Process: /memory_TB/TEST_PROC  File: C:/Users/Brett/source/repos/ECE449/sub_modules/testbench/memory_TB.vhd
Error: Unexpected return value. inst_out_i = 0
Time: 3170 ns  Iteration: 1  Process: /memory_TB/TEST_PROC  File: C:/Users/Brett/source/repos/ECE449/sub_modules/testbench/memory_TB.vhd
Error: Unexpected return value. inst_out_i = 0
Time: 3180 ns  Iteration: 1  Process: /memory_TB/TEST_PROC  File: C:/Users/Brett/source/repos/ECE449/sub_modules/testbench/memory_TB.vhd
Error: Unexpected return value. inst_out_i = 0
Time: 3190 ns  Iteration: 1  Process: /memory_TB/TEST_PROC  File: C:/Users/Brett/source/repos/ECE449/sub_modules/testbench/memory_TB.vhd
Error: Unexpected return value. inst_out_i = 0
Time: 3200 ns  Iteration: 1  Process: /memory_TB/TEST_PROC  File: C:/Users/Brett/source/repos/ECE449/sub_modules/testbench/memory_TB.vhd
Error: Unexpected return value. inst_out_i = 0
Time: 3210 ns  Iteration: 1  Process: /memory_TB/TEST_PROC  File: C:/Users/Brett/source/repos/ECE449/sub_modules/testbench/memory_TB.vhd
Error: Unexpected return value. inst_out_i = 0
Time: 3220 ns  Iteration: 1  Process: /memory_TB/TEST_PROC  File: C:/Users/Brett/source/repos/ECE449/sub_modules/testbench/memory_TB.vhd
Error: Unexpected return value. inst_out_i = 0
Time: 3230 ns  Iteration: 1  Process: /memory_TB/TEST_PROC  File: C:/Users/Brett/source/repos/ECE449/sub_modules/testbench/memory_TB.vhd
Error: Unexpected return value. inst_out_i = 0
Time: 3240 ns  Iteration: 1  Process: /memory_TB/TEST_PROC  File: C:/Users/Brett/source/repos/ECE449/sub_modules/testbench/memory_TB.vhd
Error: Unexpected return value. inst_out_i = 0
Time: 3250 ns  Iteration: 1  Process: /memory_TB/TEST_PROC  File: C:/Users/Brett/source/repos/ECE449/sub_modules/testbench/memory_TB.vhd
Error: Unexpected return value. inst_out_i = 0
Time: 3260 ns  Iteration: 1  Process: /memory_TB/TEST_PROC  File: C:/Users/Brett/source/repos/ECE449/sub_modules/testbench/memory_TB.vhd
Error: Unexpected return value. inst_out_i = 0
Time: 3270 ns  Iteration: 1  Process: /memory_TB/TEST_PROC  File: C:/Users/Brett/source/repos/ECE449/sub_modules/testbench/memory_TB.vhd
Error: Unexpected return value. inst_out_i = 0
Time: 3280 ns  Iteration: 1  Process: /memory_TB/TEST_PROC  File: C:/Users/Brett/source/repos/ECE449/sub_modules/testbench/memory_TB.vhd
Error: Unexpected return value. inst_out_i = 0
Time: 3290 ns  Iteration: 1  Process: /memory_TB/TEST_PROC  File: C:/Users/Brett/source/repos/ECE449/sub_modules/testbench/memory_TB.vhd
Error: Unexpected return value. inst_out_i = 0
Time: 3300 ns  Iteration: 1  Process: /memory_TB/TEST_PROC  File: C:/Users/Brett/source/repos/ECE449/sub_modules/testbench/memory_TB.vhd
Error: Unexpected return value. inst_out_i = 0
Time: 3310 ns  Iteration: 1  Process: /memory_TB/TEST_PROC  File: C:/Users/Brett/source/repos/ECE449/sub_modules/testbench/memory_TB.vhd
Error: Unexpected return value. inst_out_i = 0
Time: 3320 ns  Iteration: 1  Process: /memory_TB/TEST_PROC  File: C:/Users/Brett/source/repos/ECE449/sub_modules/testbench/memory_TB.vhd
Error: Unexpected return value. inst_out_i = 0
Time: 3330 ns  Iteration: 1  Process: /memory_TB/TEST_PROC  File: C:/Users/Brett/source/repos/ECE449/sub_modules/testbench/memory_TB.vhd
Error: Unexpected return value. inst_out_i = 0
Time: 3340 ns  Iteration: 1  Process: /memory_TB/TEST_PROC  File: C:/Users/Brett/source/repos/ECE449/sub_modules/testbench/memory_TB.vhd
Error: Unexpected return value. inst_out_i = 0
Time: 3350 ns  Iteration: 1  Process: /memory_TB/TEST_PROC  File: C:/Users/Brett/source/repos/ECE449/sub_modules/testbench/memory_TB.vhd
Error: Unexpected return value. inst_out_i = 0
Time: 3360 ns  Iteration: 1  Process: /memory_TB/TEST_PROC  File: C:/Users/Brett/source/repos/ECE449/sub_modules/testbench/memory_TB.vhd
Error: Unexpected return value. inst_out_i = 0
Time: 3370 ns  Iteration: 1  Process: /memory_TB/TEST_PROC  File: C:/Users/Brett/source/repos/ECE449/sub_modules/testbench/memory_TB.vhd
Error: Unexpected return value. inst_out_i = 0
Time: 3380 ns  Iteration: 1  Process: /memory_TB/TEST_PROC  File: C:/Users/Brett/source/repos/ECE449/sub_modules/testbench/memory_TB.vhd
Error: Unexpected return value. inst_out_i = 0
Time: 3390 ns  Iteration: 1  Process: /memory_TB/TEST_PROC  File: C:/Users/Brett/source/repos/ECE449/sub_modules/testbench/memory_TB.vhd
Error: Unexpected return value. inst_out_i = 0
Time: 3400 ns  Iteration: 1  Process: /memory_TB/TEST_PROC  File: C:/Users/Brett/source/repos/ECE449/sub_modules/testbench/memory_TB.vhd
Error: Unexpected return value. inst_out_i = 0
Time: 3410 ns  Iteration: 1  Process: /memory_TB/TEST_PROC  File: C:/Users/Brett/source/repos/ECE449/sub_modules/testbench/memory_TB.vhd
Error: Unexpected return value. inst_out_i = 0
Time: 3420 ns  Iteration: 1  Process: /memory_TB/TEST_PROC  File: C:/Users/Brett/source/repos/ECE449/sub_modules/testbench/memory_TB.vhd
Error: Unexpected return value. inst_out_i = 0
Time: 3430 ns  Iteration: 1  Process: /memory_TB/TEST_PROC  File: C:/Users/Brett/source/repos/ECE449/sub_modules/testbench/memory_TB.vhd
Error: Unexpected return value. inst_out_i = 0
Time: 3440 ns  Iteration: 1  Process: /memory_TB/TEST_PROC  File: C:/Users/Brett/source/repos/ECE449/sub_modules/testbench/memory_TB.vhd
Error: Unexpected return value. inst_out_i = 0
Time: 3450 ns  Iteration: 1  Process: /memory_TB/TEST_PROC  File: C:/Users/Brett/source/repos/ECE449/sub_modules/testbench/memory_TB.vhd
Error: Unexpected return value. inst_out_i = 0
Time: 3460 ns  Iteration: 1  Process: /memory_TB/TEST_PROC  File: C:/Users/Brett/source/repos/ECE449/sub_modules/testbench/memory_TB.vhd
Error: Unexpected return value. inst_out_i = 0
Time: 3470 ns  Iteration: 1  Process: /memory_TB/TEST_PROC  File: C:/Users/Brett/source/repos/ECE449/sub_modules/testbench/memory_TB.vhd
Error: Unexpected return value. inst_out_i = 0
Time: 3480 ns  Iteration: 1  Process: /memory_TB/TEST_PROC  File: C:/Users/Brett/source/repos/ECE449/sub_modules/testbench/memory_TB.vhd
Error: Unexpected return value. inst_out_i = 0
Time: 3490 ns  Iteration: 1  Process: /memory_TB/TEST_PROC  File: C:/Users/Brett/source/repos/ECE449/sub_modules/testbench/memory_TB.vhd
Error: Unexpected return value. inst_out_i = 0
Time: 3500 ns  Iteration: 1  Process: /memory_TB/TEST_PROC  File: C:/Users/Brett/source/repos/ECE449/sub_modules/testbench/memory_TB.vhd
Error: Unexpected return value. inst_out_i = 0
Time: 3510 ns  Iteration: 1  Process: /memory_TB/TEST_PROC  File: C:/Users/Brett/source/repos/ECE449/sub_modules/testbench/memory_TB.vhd
Error: Unexpected return value. inst_out_i = 0
Time: 3520 ns  Iteration: 1  Process: /memory_TB/TEST_PROC  File: C:/Users/Brett/source/repos/ECE449/sub_modules/testbench/memory_TB.vhd
Error: Unexpected return value. inst_out_i = 0
Time: 3530 ns  Iteration: 1  Process: /memory_TB/TEST_PROC  File: C:/Users/Brett/source/repos/ECE449/sub_modules/testbench/memory_TB.vhd
Error: Unexpected return value. inst_out_i = 0
Time: 3540 ns  Iteration: 1  Process: /memory_TB/TEST_PROC  File: C:/Users/Brett/source/repos/ECE449/sub_modules/testbench/memory_TB.vhd
Error: Unexpected return value. inst_out_i = 0
Time: 3550 ns  Iteration: 1  Process: /memory_TB/TEST_PROC  File: C:/Users/Brett/source/repos/ECE449/sub_modules/testbench/memory_TB.vhd
Error: Unexpected return value. inst_out_i = 0
Time: 3560 ns  Iteration: 1  Process: /memory_TB/TEST_PROC  File: C:/Users/Brett/source/repos/ECE449/sub_modules/testbench/memory_TB.vhd
Error: Unexpected return value. inst_out_i = 0
Time: 3570 ns  Iteration: 1  Process: /memory_TB/TEST_PROC  File: C:/Users/Brett/source/repos/ECE449/sub_modules/testbench/memory_TB.vhd
Error: Unexpected return value. inst_out_i = 0
Time: 3580 ns  Iteration: 1  Process: /memory_TB/TEST_PROC  File: C:/Users/Brett/source/repos/ECE449/sub_modules/testbench/memory_TB.vhd
Error: Unexpected return value. inst_out_i = 0
Time: 3590 ns  Iteration: 1  Process: /memory_TB/TEST_PROC  File: C:/Users/Brett/source/repos/ECE449/sub_modules/testbench/memory_TB.vhd
Error: Unexpected return value. inst_out_i = 0
Time: 3600 ns  Iteration: 1  Process: /memory_TB/TEST_PROC  File: C:/Users/Brett/source/repos/ECE449/sub_modules/testbench/memory_TB.vhd
Error: Unexpected return value. inst_out_i = 0
Time: 3610 ns  Iteration: 1  Process: /memory_TB/TEST_PROC  File: C:/Users/Brett/source/repos/ECE449/sub_modules/testbench/memory_TB.vhd
Error: Unexpected return value. inst_out_i = 0
Time: 3620 ns  Iteration: 1  Process: /memory_TB/TEST_PROC  File: C:/Users/Brett/source/repos/ECE449/sub_modules/testbench/memory_TB.vhd
Error: Unexpected return value. inst_out_i = 0
Time: 3630 ns  Iteration: 1  Process: /memory_TB/TEST_PROC  File: C:/Users/Brett/source/repos/ECE449/sub_modules/testbench/memory_TB.vhd
Error: Unexpected return value. inst_out_i = 0
Time: 3640 ns  Iteration: 1  Process: /memory_TB/TEST_PROC  File: C:/Users/Brett/source/repos/ECE449/sub_modules/testbench/memory_TB.vhd
Error: Unexpected return value. inst_out_i = 0
Time: 3650 ns  Iteration: 1  Process: /memory_TB/TEST_PROC  File: C:/Users/Brett/source/repos/ECE449/sub_modules/testbench/memory_TB.vhd
Error: Unexpected return value. inst_out_i = 0
Time: 3660 ns  Iteration: 1  Process: /memory_TB/TEST_PROC  File: C:/Users/Brett/source/repos/ECE449/sub_modules/testbench/memory_TB.vhd
Error: Unexpected return value. inst_out_i = 0
Time: 3670 ns  Iteration: 1  Process: /memory_TB/TEST_PROC  File: C:/Users/Brett/source/repos/ECE449/sub_modules/testbench/memory_TB.vhd
Error: Unexpected return value. inst_out_i = 0
Time: 3680 ns  Iteration: 1  Process: /memory_TB/TEST_PROC  File: C:/Users/Brett/source/repos/ECE449/sub_modules/testbench/memory_TB.vhd
Error: Unexpected return value. inst_out_i = 0
Time: 3690 ns  Iteration: 1  Process: /memory_TB/TEST_PROC  File: C:/Users/Brett/source/repos/ECE449/sub_modules/testbench/memory_TB.vhd
Error: Unexpected return value. inst_out_i = 0
Time: 3700 ns  Iteration: 1  Process: /memory_TB/TEST_PROC  File: C:/Users/Brett/source/repos/ECE449/sub_modules/testbench/memory_TB.vhd
Error: Unexpected return value. inst_out_i = 0
Time: 3710 ns  Iteration: 1  Process: /memory_TB/TEST_PROC  File: C:/Users/Brett/source/repos/ECE449/sub_modules/testbench/memory_TB.vhd
Error: Unexpected return value. inst_out_i = 0
Time: 3720 ns  Iteration: 1  Process: /memory_TB/TEST_PROC  File: C:/Users/Brett/source/repos/ECE449/sub_modules/testbench/memory_TB.vhd
Error: Unexpected return value. inst_out_i = 0
Time: 3730 ns  Iteration: 1  Process: /memory_TB/TEST_PROC  File: C:/Users/Brett/source/repos/ECE449/sub_modules/testbench/memory_TB.vhd
Error: Unexpected return value. inst_out_i = 0
Time: 3740 ns  Iteration: 1  Process: /memory_TB/TEST_PROC  File: C:/Users/Brett/source/repos/ECE449/sub_modules/testbench/memory_TB.vhd
Error: Unexpected return value. inst_out_i = 0
Time: 3750 ns  Iteration: 1  Process: /memory_TB/TEST_PROC  File: C:/Users/Brett/source/repos/ECE449/sub_modules/testbench/memory_TB.vhd
Error: Unexpected return value. inst_out_i = 0
Time: 3760 ns  Iteration: 1  Process: /memory_TB/TEST_PROC  File: C:/Users/Brett/source/repos/ECE449/sub_modules/testbench/memory_TB.vhd
Error: Unexpected return value. inst_out_i = 0
Time: 3770 ns  Iteration: 1  Process: /memory_TB/TEST_PROC  File: C:/Users/Brett/source/repos/ECE449/sub_modules/testbench/memory_TB.vhd
Error: Unexpected return value. inst_out_i = 0
Time: 3780 ns  Iteration: 1  Process: /memory_TB/TEST_PROC  File: C:/Users/Brett/source/repos/ECE449/sub_modules/testbench/memory_TB.vhd
Error: Unexpected return value. inst_out_i = 0
Time: 3790 ns  Iteration: 1  Process: /memory_TB/TEST_PROC  File: C:/Users/Brett/source/repos/ECE449/sub_modules/testbench/memory_TB.vhd
Error: Unexpected return value. inst_out_i = 0
Time: 3800 ns  Iteration: 1  Process: /memory_TB/TEST_PROC  File: C:/Users/Brett/source/repos/ECE449/sub_modules/testbench/memory_TB.vhd
Error: Unexpected return value. inst_out_i = 0
Time: 3810 ns  Iteration: 1  Process: /memory_TB/TEST_PROC  File: C:/Users/Brett/source/repos/ECE449/sub_modules/testbench/memory_TB.vhd
Error: Unexpected return value. inst_out_i = 0
Time: 3820 ns  Iteration: 1  Process: /memory_TB/TEST_PROC  File: C:/Users/Brett/source/repos/ECE449/sub_modules/testbench/memory_TB.vhd
Error: Unexpected return value. inst_out_i = 0
Time: 3830 ns  Iteration: 1  Process: /memory_TB/TEST_PROC  File: C:/Users/Brett/source/repos/ECE449/sub_modules/testbench/memory_TB.vhd
Error: Unexpected return value. inst_out_i = 0
Time: 3840 ns  Iteration: 1  Process: /memory_TB/TEST_PROC  File: C:/Users/Brett/source/repos/ECE449/sub_modules/testbench/memory_TB.vhd
Error: Unexpected return value. inst_out_i = 0
Time: 3850 ns  Iteration: 1  Process: /memory_TB/TEST_PROC  File: C:/Users/Brett/source/repos/ECE449/sub_modules/testbench/memory_TB.vhd
Error: Unexpected return value. inst_out_i = 0
Time: 3860 ns  Iteration: 1  Process: /memory_TB/TEST_PROC  File: C:/Users/Brett/source/repos/ECE449/sub_modules/testbench/memory_TB.vhd
Error: Unexpected return value. inst_out_i = 0
Time: 3870 ns  Iteration: 1  Process: /memory_TB/TEST_PROC  File: C:/Users/Brett/source/repos/ECE449/sub_modules/testbench/memory_TB.vhd
Error: Unexpected return value. inst_out_i = 0
Time: 3880 ns  Iteration: 1  Process: /memory_TB/TEST_PROC  File: C:/Users/Brett/source/repos/ECE449/sub_modules/testbench/memory_TB.vhd
Error: Unexpected return value. inst_out_i = 0
Time: 3890 ns  Iteration: 1  Process: /memory_TB/TEST_PROC  File: C:/Users/Brett/source/repos/ECE449/sub_modules/testbench/memory_TB.vhd
Error: Unexpected return value. inst_out_i = 0
Time: 3900 ns  Iteration: 1  Process: /memory_TB/TEST_PROC  File: C:/Users/Brett/source/repos/ECE449/sub_modules/testbench/memory_TB.vhd
Error: Unexpected return value. inst_out_i = 0
Time: 3910 ns  Iteration: 1  Process: /memory_TB/TEST_PROC  File: C:/Users/Brett/source/repos/ECE449/sub_modules/testbench/memory_TB.vhd
Error: Unexpected return value. inst_out_i = 0
Time: 3920 ns  Iteration: 1  Process: /memory_TB/TEST_PROC  File: C:/Users/Brett/source/repos/ECE449/sub_modules/testbench/memory_TB.vhd
Error: Unexpected return value. inst_out_i = 0
Time: 3930 ns  Iteration: 1  Process: /memory_TB/TEST_PROC  File: C:/Users/Brett/source/repos/ECE449/sub_modules/testbench/memory_TB.vhd
Error: Unexpected return value. inst_out_i = 0
Time: 3940 ns  Iteration: 1  Process: /memory_TB/TEST_PROC  File: C:/Users/Brett/source/repos/ECE449/sub_modules/testbench/memory_TB.vhd
Error: Unexpected return value. inst_out_i = 0
Time: 3950 ns  Iteration: 1  Process: /memory_TB/TEST_PROC  File: C:/Users/Brett/source/repos/ECE449/sub_modules/testbench/memory_TB.vhd
Error: Unexpected return value. inst_out_i = 0
Time: 3960 ns  Iteration: 1  Process: /memory_TB/TEST_PROC  File: C:/Users/Brett/source/repos/ECE449/sub_modules/testbench/memory_TB.vhd
Error: Unexpected return value. inst_out_i = 0
Time: 3970 ns  Iteration: 1  Process: /memory_TB/TEST_PROC  File: C:/Users/Brett/source/repos/ECE449/sub_modules/testbench/memory_TB.vhd
Error: Unexpected return value. inst_out_i = 0
Time: 3980 ns  Iteration: 1  Process: /memory_TB/TEST_PROC  File: C:/Users/Brett/source/repos/ECE449/sub_modules/testbench/memory_TB.vhd
Error: Unexpected return value. inst_out_i = 0
Time: 3990 ns  Iteration: 1  Process: /memory_TB/TEST_PROC  File: C:/Users/Brett/source/repos/ECE449/sub_modules/testbench/memory_TB.vhd
Error: Unexpected return value. inst_out_i = 0
Time: 4 us  Iteration: 1  Process: /memory_TB/TEST_PROC  File: C:/Users/Brett/source/repos/ECE449/sub_modules/testbench/memory_TB.vhd
Error: Unexpected return value. inst_out_i = 0
Time: 4010 ns  Iteration: 1  Process: /memory_TB/TEST_PROC  File: C:/Users/Brett/source/repos/ECE449/sub_modules/testbench/memory_TB.vhd
Error: Unexpected return value. inst_out_i = 0
Time: 4020 ns  Iteration: 1  Process: /memory_TB/TEST_PROC  File: C:/Users/Brett/source/repos/ECE449/sub_modules/testbench/memory_TB.vhd
Error: Unexpected return value. inst_out_i = 0
Time: 4030 ns  Iteration: 1  Process: /memory_TB/TEST_PROC  File: C:/Users/Brett/source/repos/ECE449/sub_modules/testbench/memory_TB.vhd
Error: Unexpected return value. inst_out_i = 0
Time: 4040 ns  Iteration: 1  Process: /memory_TB/TEST_PROC  File: C:/Users/Brett/source/repos/ECE449/sub_modules/testbench/memory_TB.vhd
Error: Unexpected return value. inst_out_i = 0
Time: 4050 ns  Iteration: 1  Process: /memory_TB/TEST_PROC  File: C:/Users/Brett/source/repos/ECE449/sub_modules/testbench/memory_TB.vhd
Error: Unexpected return value. inst_out_i = 0
Time: 4060 ns  Iteration: 1  Process: /memory_TB/TEST_PROC  File: C:/Users/Brett/source/repos/ECE449/sub_modules/testbench/memory_TB.vhd
Error: Unexpected return value. inst_out_i = 0
Time: 4070 ns  Iteration: 1  Process: /memory_TB/TEST_PROC  File: C:/Users/Brett/source/repos/ECE449/sub_modules/testbench/memory_TB.vhd
Error: Unexpected return value. inst_out_i = 0
Time: 4080 ns  Iteration: 1  Process: /memory_TB/TEST_PROC  File: C:/Users/Brett/source/repos/ECE449/sub_modules/testbench/memory_TB.vhd
Error: Unexpected return value. inst_out_i = 0
Time: 4090 ns  Iteration: 1  Process: /memory_TB/TEST_PROC  File: C:/Users/Brett/source/repos/ECE449/sub_modules/testbench/memory_TB.vhd
Error: Unexpected return value. inst_out_i = 0
Time: 4100 ns  Iteration: 1  Process: /memory_TB/TEST_PROC  File: C:/Users/Brett/source/repos/ECE449/sub_modules/testbench/memory_TB.vhd
Error: Unexpected return value. inst_out_i = 0
Time: 4110 ns  Iteration: 1  Process: /memory_TB/TEST_PROC  File: C:/Users/Brett/source/repos/ECE449/sub_modules/testbench/memory_TB.vhd
Error: Unexpected return value. inst_out_i = 0
Time: 4120 ns  Iteration: 1  Process: /memory_TB/TEST_PROC  File: C:/Users/Brett/source/repos/ECE449/sub_modules/testbench/memory_TB.vhd
Error: Unexpected return value. inst_out_i = 0
Time: 4130 ns  Iteration: 1  Process: /memory_TB/TEST_PROC  File: C:/Users/Brett/source/repos/ECE449/sub_modules/testbench/memory_TB.vhd
Error: Unexpected return value. inst_out_i = 0
Time: 4140 ns  Iteration: 1  Process: /memory_TB/TEST_PROC  File: C:/Users/Brett/source/repos/ECE449/sub_modules/testbench/memory_TB.vhd
Error: Unexpected return value. inst_out_i = 0
Time: 4150 ns  Iteration: 1  Process: /memory_TB/TEST_PROC  File: C:/Users/Brett/source/repos/ECE449/sub_modules/testbench/memory_TB.vhd
Error: Unexpected return value. inst_out_i = 0
Time: 4160 ns  Iteration: 1  Process: /memory_TB/TEST_PROC  File: C:/Users/Brett/source/repos/ECE449/sub_modules/testbench/memory_TB.vhd
Error: Unexpected return value. inst_out_i = 0
Time: 4170 ns  Iteration: 1  Process: /memory_TB/TEST_PROC  File: C:/Users/Brett/source/repos/ECE449/sub_modules/testbench/memory_TB.vhd
Error: Unexpected return value. inst_out_i = 0
Time: 4180 ns  Iteration: 1  Process: /memory_TB/TEST_PROC  File: C:/Users/Brett/source/repos/ECE449/sub_modules/testbench/memory_TB.vhd
Error: Unexpected return value. inst_out_i = 0
Time: 4190 ns  Iteration: 1  Process: /memory_TB/TEST_PROC  File: C:/Users/Brett/source/repos/ECE449/sub_modules/testbench/memory_TB.vhd
Error: Unexpected return value. inst_out_i = 0
Time: 4200 ns  Iteration: 1  Process: /memory_TB/TEST_PROC  File: C:/Users/Brett/source/repos/ECE449/sub_modules/testbench/memory_TB.vhd
Error: Unexpected return value. inst_out_i = 0
Time: 4210 ns  Iteration: 1  Process: /memory_TB/TEST_PROC  File: C:/Users/Brett/source/repos/ECE449/sub_modules/testbench/memory_TB.vhd
Error: Unexpected return value. inst_out_i = 0
Time: 4220 ns  Iteration: 1  Process: /memory_TB/TEST_PROC  File: C:/Users/Brett/source/repos/ECE449/sub_modules/testbench/memory_TB.vhd
Error: Unexpected return value. inst_out_i = 0
Time: 4230 ns  Iteration: 1  Process: /memory_TB/TEST_PROC  File: C:/Users/Brett/source/repos/ECE449/sub_modules/testbench/memory_TB.vhd
Error: Unexpected return value. inst_out_i = 0
Time: 4240 ns  Iteration: 1  Process: /memory_TB/TEST_PROC  File: C:/Users/Brett/source/repos/ECE449/sub_modules/testbench/memory_TB.vhd
Error: Unexpected return value. inst_out_i = 0
Time: 4250 ns  Iteration: 1  Process: /memory_TB/TEST_PROC  File: C:/Users/Brett/source/repos/ECE449/sub_modules/testbench/memory_TB.vhd
Error: Unexpected return value. inst_out_i = 0
Time: 4260 ns  Iteration: 1  Process: /memory_TB/TEST_PROC  File: C:/Users/Brett/source/repos/ECE449/sub_modules/testbench/memory_TB.vhd
Error: Unexpected return value. inst_out_i = 0
Time: 4270 ns  Iteration: 1  Process: /memory_TB/TEST_PROC  File: C:/Users/Brett/source/repos/ECE449/sub_modules/testbench/memory_TB.vhd
Error: Unexpected return value. inst_out_i = 0
Time: 4280 ns  Iteration: 1  Process: /memory_TB/TEST_PROC  File: C:/Users/Brett/source/repos/ECE449/sub_modules/testbench/memory_TB.vhd
Error: Unexpected return value. inst_out_i = 0
Time: 4290 ns  Iteration: 1  Process: /memory_TB/TEST_PROC  File: C:/Users/Brett/source/repos/ECE449/sub_modules/testbench/memory_TB.vhd
Error: Unexpected return value. inst_out_i = 0
Time: 4300 ns  Iteration: 1  Process: /memory_TB/TEST_PROC  File: C:/Users/Brett/source/repos/ECE449/sub_modules/testbench/memory_TB.vhd
Error: Unexpected return value. inst_out_i = 0
Time: 4310 ns  Iteration: 1  Process: /memory_TB/TEST_PROC  File: C:/Users/Brett/source/repos/ECE449/sub_modules/testbench/memory_TB.vhd
Error: Unexpected return value. inst_out_i = 0
Time: 4320 ns  Iteration: 1  Process: /memory_TB/TEST_PROC  File: C:/Users/Brett/source/repos/ECE449/sub_modules/testbench/memory_TB.vhd
Error: Unexpected return value. inst_out_i = 0
Time: 4330 ns  Iteration: 1  Process: /memory_TB/TEST_PROC  File: C:/Users/Brett/source/repos/ECE449/sub_modules/testbench/memory_TB.vhd
Error: Unexpected return value. inst_out_i = 0
Time: 4340 ns  Iteration: 1  Process: /memory_TB/TEST_PROC  File: C:/Users/Brett/source/repos/ECE449/sub_modules/testbench/memory_TB.vhd
Error: Unexpected return value. inst_out_i = 0
Time: 4350 ns  Iteration: 1  Process: /memory_TB/TEST_PROC  File: C:/Users/Brett/source/repos/ECE449/sub_modules/testbench/memory_TB.vhd
Error: Unexpected return value. inst_out_i = 0
Time: 4360 ns  Iteration: 1  Process: /memory_TB/TEST_PROC  File: C:/Users/Brett/source/repos/ECE449/sub_modules/testbench/memory_TB.vhd
Error: Unexpected return value. inst_out_i = 0
Time: 4370 ns  Iteration: 1  Process: /memory_TB/TEST_PROC  File: C:/Users/Brett/source/repos/ECE449/sub_modules/testbench/memory_TB.vhd
Error: Unexpected return value. inst_out_i = 0
Time: 4380 ns  Iteration: 1  Process: /memory_TB/TEST_PROC  File: C:/Users/Brett/source/repos/ECE449/sub_modules/testbench/memory_TB.vhd
Error: Unexpected return value. inst_out_i = 0
Time: 4390 ns  Iteration: 1  Process: /memory_TB/TEST_PROC  File: C:/Users/Brett/source/repos/ECE449/sub_modules/testbench/memory_TB.vhd
Error: Unexpected return value. inst_out_i = 0
Time: 4400 ns  Iteration: 1  Process: /memory_TB/TEST_PROC  File: C:/Users/Brett/source/repos/ECE449/sub_modules/testbench/memory_TB.vhd
Error: Unexpected return value. inst_out_i = 0
Time: 4410 ns  Iteration: 1  Process: /memory_TB/TEST_PROC  File: C:/Users/Brett/source/repos/ECE449/sub_modules/testbench/memory_TB.vhd
Error: Unexpected return value. inst_out_i = 0
Time: 4420 ns  Iteration: 1  Process: /memory_TB/TEST_PROC  File: C:/Users/Brett/source/repos/ECE449/sub_modules/testbench/memory_TB.vhd
Error: Unexpected return value. inst_out_i = 0
Time: 4430 ns  Iteration: 1  Process: /memory_TB/TEST_PROC  File: C:/Users/Brett/source/repos/ECE449/sub_modules/testbench/memory_TB.vhd
Error: Unexpected return value. inst_out_i = 0
Time: 4440 ns  Iteration: 1  Process: /memory_TB/TEST_PROC  File: C:/Users/Brett/source/repos/ECE449/sub_modules/testbench/memory_TB.vhd
Error: Unexpected return value. inst_out_i = 0
Time: 4450 ns  Iteration: 1  Process: /memory_TB/TEST_PROC  File: C:/Users/Brett/source/repos/ECE449/sub_modules/testbench/memory_TB.vhd
Error: Unexpected return value. inst_out_i = 0
Time: 4460 ns  Iteration: 1  Process: /memory_TB/TEST_PROC  File: C:/Users/Brett/source/repos/ECE449/sub_modules/testbench/memory_TB.vhd
Error: Unexpected return value. inst_out_i = 0
Time: 4470 ns  Iteration: 1  Process: /memory_TB/TEST_PROC  File: C:/Users/Brett/source/repos/ECE449/sub_modules/testbench/memory_TB.vhd
Error: Unexpected return value. inst_out_i = 0
Time: 4480 ns  Iteration: 1  Process: /memory_TB/TEST_PROC  File: C:/Users/Brett/source/repos/ECE449/sub_modules/testbench/memory_TB.vhd
Error: Unexpected return value. inst_out_i = 0
Time: 4490 ns  Iteration: 1  Process: /memory_TB/TEST_PROC  File: C:/Users/Brett/source/repos/ECE449/sub_modules/testbench/memory_TB.vhd
Error: Unexpected return value. inst_out_i = 0
Time: 4500 ns  Iteration: 1  Process: /memory_TB/TEST_PROC  File: C:/Users/Brett/source/repos/ECE449/sub_modules/testbench/memory_TB.vhd
Error: Unexpected return value. inst_out_i = 0
Time: 4510 ns  Iteration: 1  Process: /memory_TB/TEST_PROC  File: C:/Users/Brett/source/repos/ECE449/sub_modules/testbench/memory_TB.vhd
Error: Unexpected return value. inst_out_i = 0
Time: 4520 ns  Iteration: 1  Process: /memory_TB/TEST_PROC  File: C:/Users/Brett/source/repos/ECE449/sub_modules/testbench/memory_TB.vhd
Error: Unexpected return value. inst_out_i = 0
Time: 4530 ns  Iteration: 1  Process: /memory_TB/TEST_PROC  File: C:/Users/Brett/source/repos/ECE449/sub_modules/testbench/memory_TB.vhd
Error: Unexpected return value. inst_out_i = 0
Time: 4540 ns  Iteration: 1  Process: /memory_TB/TEST_PROC  File: C:/Users/Brett/source/repos/ECE449/sub_modules/testbench/memory_TB.vhd
Error: Unexpected return value. inst_out_i = 0
Time: 4550 ns  Iteration: 1  Process: /memory_TB/TEST_PROC  File: C:/Users/Brett/source/repos/ECE449/sub_modules/testbench/memory_TB.vhd
Error: Unexpected return value. inst_out_i = 0
Time: 4560 ns  Iteration: 1  Process: /memory_TB/TEST_PROC  File: C:/Users/Brett/source/repos/ECE449/sub_modules/testbench/memory_TB.vhd
Error: Unexpected return value. inst_out_i = 0
Time: 4570 ns  Iteration: 1  Process: /memory_TB/TEST_PROC  File: C:/Users/Brett/source/repos/ECE449/sub_modules/testbench/memory_TB.vhd
Error: Unexpected return value. inst_out_i = 0
Time: 4580 ns  Iteration: 1  Process: /memory_TB/TEST_PROC  File: C:/Users/Brett/source/repos/ECE449/sub_modules/testbench/memory_TB.vhd
Error: Unexpected return value. inst_out_i = 0
Time: 4590 ns  Iteration: 1  Process: /memory_TB/TEST_PROC  File: C:/Users/Brett/source/repos/ECE449/sub_modules/testbench/memory_TB.vhd
Error: Unexpected return value. inst_out_i = 0
Time: 4600 ns  Iteration: 1  Process: /memory_TB/TEST_PROC  File: C:/Users/Brett/source/repos/ECE449/sub_modules/testbench/memory_TB.vhd
Error: Unexpected return value. inst_out_i = 0
Time: 4610 ns  Iteration: 1  Process: /memory_TB/TEST_PROC  File: C:/Users/Brett/source/repos/ECE449/sub_modules/testbench/memory_TB.vhd
Error: Unexpected return value. inst_out_i = 0
Time: 4620 ns  Iteration: 1  Process: /memory_TB/TEST_PROC  File: C:/Users/Brett/source/repos/ECE449/sub_modules/testbench/memory_TB.vhd
Error: Unexpected return value. inst_out_i = 0
Time: 4630 ns  Iteration: 1  Process: /memory_TB/TEST_PROC  File: C:/Users/Brett/source/repos/ECE449/sub_modules/testbench/memory_TB.vhd
Error: Unexpected return value. inst_out_i = 0
Time: 4640 ns  Iteration: 1  Process: /memory_TB/TEST_PROC  File: C:/Users/Brett/source/repos/ECE449/sub_modules/testbench/memory_TB.vhd
Error: Unexpected return value. inst_out_i = 0
Time: 4650 ns  Iteration: 1  Process: /memory_TB/TEST_PROC  File: C:/Users/Brett/source/repos/ECE449/sub_modules/testbench/memory_TB.vhd
Error: Unexpected return value. inst_out_i = 0
Time: 4660 ns  Iteration: 1  Process: /memory_TB/TEST_PROC  File: C:/Users/Brett/source/repos/ECE449/sub_modules/testbench/memory_TB.vhd
Error: Unexpected return value. inst_out_i = 0
Time: 4670 ns  Iteration: 1  Process: /memory_TB/TEST_PROC  File: C:/Users/Brett/source/repos/ECE449/sub_modules/testbench/memory_TB.vhd
Error: Unexpected return value. inst_out_i = 0
Time: 4680 ns  Iteration: 1  Process: /memory_TB/TEST_PROC  File: C:/Users/Brett/source/repos/ECE449/sub_modules/testbench/memory_TB.vhd
Error: Unexpected return value. inst_out_i = 0
Time: 4690 ns  Iteration: 1  Process: /memory_TB/TEST_PROC  File: C:/Users/Brett/source/repos/ECE449/sub_modules/testbench/memory_TB.vhd
Error: Unexpected return value. inst_out_i = 0
Time: 4700 ns  Iteration: 1  Process: /memory_TB/TEST_PROC  File: C:/Users/Brett/source/repos/ECE449/sub_modules/testbench/memory_TB.vhd
Error: Unexpected return value. inst_out_i = 0
Time: 4710 ns  Iteration: 1  Process: /memory_TB/TEST_PROC  File: C:/Users/Brett/source/repos/ECE449/sub_modules/testbench/memory_TB.vhd
Error: Unexpected return value. inst_out_i = 0
Time: 4720 ns  Iteration: 1  Process: /memory_TB/TEST_PROC  File: C:/Users/Brett/source/repos/ECE449/sub_modules/testbench/memory_TB.vhd
Error: Unexpected return value. inst_out_i = 0
Time: 4730 ns  Iteration: 1  Process: /memory_TB/TEST_PROC  File: C:/Users/Brett/source/repos/ECE449/sub_modules/testbench/memory_TB.vhd
Error: Unexpected return value. inst_out_i = 0
Time: 4740 ns  Iteration: 1  Process: /memory_TB/TEST_PROC  File: C:/Users/Brett/source/repos/ECE449/sub_modules/testbench/memory_TB.vhd
Error: Unexpected return value. inst_out_i = 0
Time: 4750 ns  Iteration: 1  Process: /memory_TB/TEST_PROC  File: C:/Users/Brett/source/repos/ECE449/sub_modules/testbench/memory_TB.vhd
Error: Unexpected return value. inst_out_i = 0
Time: 4760 ns  Iteration: 1  Process: /memory_TB/TEST_PROC  File: C:/Users/Brett/source/repos/ECE449/sub_modules/testbench/memory_TB.vhd
Error: Unexpected return value. inst_out_i = 0
Time: 4770 ns  Iteration: 1  Process: /memory_TB/TEST_PROC  File: C:/Users/Brett/source/repos/ECE449/sub_modules/testbench/memory_TB.vhd
Error: Unexpected return value. inst_out_i = 0
Time: 4780 ns  Iteration: 1  Process: /memory_TB/TEST_PROC  File: C:/Users/Brett/source/repos/ECE449/sub_modules/testbench/memory_TB.vhd
Error: Unexpected return value. inst_out_i = 0
Time: 4790 ns  Iteration: 1  Process: /memory_TB/TEST_PROC  File: C:/Users/Brett/source/repos/ECE449/sub_modules/testbench/memory_TB.vhd
Error: Unexpected return value. inst_out_i = 0
Time: 4800 ns  Iteration: 1  Process: /memory_TB/TEST_PROC  File: C:/Users/Brett/source/repos/ECE449/sub_modules/testbench/memory_TB.vhd
Error: Unexpected return value. inst_out_i = 0
Time: 4810 ns  Iteration: 1  Process: /memory_TB/TEST_PROC  File: C:/Users/Brett/source/repos/ECE449/sub_modules/testbench/memory_TB.vhd
Error: Unexpected return value. inst_out_i = 0
Time: 4820 ns  Iteration: 1  Process: /memory_TB/TEST_PROC  File: C:/Users/Brett/source/repos/ECE449/sub_modules/testbench/memory_TB.vhd
Error: Unexpected return value. inst_out_i = 0
Time: 4830 ns  Iteration: 1  Process: /memory_TB/TEST_PROC  File: C:/Users/Brett/source/repos/ECE449/sub_modules/testbench/memory_TB.vhd
Error: Unexpected return value. inst_out_i = 0
Time: 4840 ns  Iteration: 1  Process: /memory_TB/TEST_PROC  File: C:/Users/Brett/source/repos/ECE449/sub_modules/testbench/memory_TB.vhd
Error: Unexpected return value. inst_out_i = 0
Time: 4850 ns  Iteration: 1  Process: /memory_TB/TEST_PROC  File: C:/Users/Brett/source/repos/ECE449/sub_modules/testbench/memory_TB.vhd
Error: Unexpected return value. inst_out_i = 0
Time: 4860 ns  Iteration: 1  Process: /memory_TB/TEST_PROC  File: C:/Users/Brett/source/repos/ECE449/sub_modules/testbench/memory_TB.vhd
Error: Unexpected return value. inst_out_i = 0
Time: 4870 ns  Iteration: 1  Process: /memory_TB/TEST_PROC  File: C:/Users/Brett/source/repos/ECE449/sub_modules/testbench/memory_TB.vhd
Error: Unexpected return value. inst_out_i = 0
Time: 4880 ns  Iteration: 1  Process: /memory_TB/TEST_PROC  File: C:/Users/Brett/source/repos/ECE449/sub_modules/testbench/memory_TB.vhd
Error: Unexpected return value. inst_out_i = 0
Time: 4890 ns  Iteration: 1  Process: /memory_TB/TEST_PROC  File: C:/Users/Brett/source/repos/ECE449/sub_modules/testbench/memory_TB.vhd
Error: Unexpected return value. inst_out_i = 0
Time: 4900 ns  Iteration: 1  Process: /memory_TB/TEST_PROC  File: C:/Users/Brett/source/repos/ECE449/sub_modules/testbench/memory_TB.vhd
Error: Unexpected return value. inst_out_i = 0
Time: 4910 ns  Iteration: 1  Process: /memory_TB/TEST_PROC  File: C:/Users/Brett/source/repos/ECE449/sub_modules/testbench/memory_TB.vhd
Error: Unexpected return value. inst_out_i = 0
Time: 4920 ns  Iteration: 1  Process: /memory_TB/TEST_PROC  File: C:/Users/Brett/source/repos/ECE449/sub_modules/testbench/memory_TB.vhd
Error: Unexpected return value. inst_out_i = 0
Time: 4930 ns  Iteration: 1  Process: /memory_TB/TEST_PROC  File: C:/Users/Brett/source/repos/ECE449/sub_modules/testbench/memory_TB.vhd
Error: Unexpected return value. inst_out_i = 0
Time: 4940 ns  Iteration: 1  Process: /memory_TB/TEST_PROC  File: C:/Users/Brett/source/repos/ECE449/sub_modules/testbench/memory_TB.vhd
Error: Unexpected return value. inst_out_i = 0
Time: 4950 ns  Iteration: 1  Process: /memory_TB/TEST_PROC  File: C:/Users/Brett/source/repos/ECE449/sub_modules/testbench/memory_TB.vhd
Error: Unexpected return value. inst_out_i = 0
Time: 4960 ns  Iteration: 1  Process: /memory_TB/TEST_PROC  File: C:/Users/Brett/source/repos/ECE449/sub_modules/testbench/memory_TB.vhd
Error: Unexpected return value. inst_out_i = 0
Time: 4970 ns  Iteration: 1  Process: /memory_TB/TEST_PROC  File: C:/Users/Brett/source/repos/ECE449/sub_modules/testbench/memory_TB.vhd
Error: Unexpected return value. inst_out_i = 0
Time: 4980 ns  Iteration: 1  Process: /memory_TB/TEST_PROC  File: C:/Users/Brett/source/repos/ECE449/sub_modules/testbench/memory_TB.vhd
Error: Unexpected return value. inst_out_i = 0
Time: 4990 ns  Iteration: 1  Process: /memory_TB/TEST_PROC  File: C:/Users/Brett/source/repos/ECE449/sub_modules/testbench/memory_TB.vhd
Error: Unexpected return value. inst_out_i = 0
Time: 5 us  Iteration: 1  Process: /memory_TB/TEST_PROC  File: C:/Users/Brett/source/repos/ECE449/sub_modules/testbench/memory_TB.vhd
Error: Unexpected return value. inst_out_i = 0
Time: 5010 ns  Iteration: 1  Process: /memory_TB/TEST_PROC  File: C:/Users/Brett/source/repos/ECE449/sub_modules/testbench/memory_TB.vhd
Error: Unexpected return value. inst_out_i = 0
Time: 5020 ns  Iteration: 1  Process: /memory_TB/TEST_PROC  File: C:/Users/Brett/source/repos/ECE449/sub_modules/testbench/memory_TB.vhd
Error: Unexpected return value. inst_out_i = 0
Time: 5030 ns  Iteration: 1  Process: /memory_TB/TEST_PROC  File: C:/Users/Brett/source/repos/ECE449/sub_modules/testbench/memory_TB.vhd
Error: Unexpected return value. inst_out_i = 0
Time: 5040 ns  Iteration: 1  Process: /memory_TB/TEST_PROC  File: C:/Users/Brett/source/repos/ECE449/sub_modules/testbench/memory_TB.vhd
Error: Unexpected return value. inst_out_i = 0
Time: 5050 ns  Iteration: 1  Process: /memory_TB/TEST_PROC  File: C:/Users/Brett/source/repos/ECE449/sub_modules/testbench/memory_TB.vhd
Error: Unexpected return v