INFO: [VRFC 10-163] Analyzing VHDL file "C:/Users/Brett/source/repos/ECE449/sub_modules/decode/RF8_16.vhd" into library xil_defaultlib
INFO: [VRFC 10-307] analyzing entity register_file
INFO: [VRFC 10-163] Analyzing VHDL file "C:/Users/Brett/source/repos/ECE449/sub_modules/decode/adder.vhd" into library xil_defaultlib
INFO: [VRFC 10-307] analyzing entity adder
INFO: [VRFC 10-163] Analyzing VHDL file "C:/Users/Brett/source/repos/ECE449/sub_modules/execute/alu.vhd" into library xil_defaultlib
INFO: [VRFC 10-307] analyzing entity ALU
INFO: [VRFC 10-163] Analyzing VHDL file "C:/Users/Brett/source/repos/ECE449/sub_modules/memory/rom.vhd" into library xil_defaultlib
INFO: [VRFC 10-307] analyzing entity rom
INFO: [VRFC 10-163] Analyzing VHDL file "C:/Users/Brett/source/repos/ECE449/sub_modules/memory/ram.vhd" into library xil_defaultlib
INFO: [VRFC 10-307] analyzing entity ram
INFO: [VRFC 10-163] Analyzing VHDL file "C:/Users/Brett/source/repos/ECE449/sub_modules/memory/mem_manager.vhd" into library xil_defaultlib
INFO: [VRFC 10-307] analyzing entity mem_manager
INFO: [VRFC 10-163] Analyzing VHDL file "C:/Users/Brett/source/repos/ECE449/sub_modules/fetch/program_counter.vhd" into library xil_defaultlib
INFO: [VRFC 10-307] analyzing entity program_counter
INFO: [VRFC 10-163] Analyzing VHDL file "C:/Users/Brett/source/repos/ECE449/sub_modules/fetch/fetch_register.vhd" into library xil_defaultlib
INFO: [VRFC 10-307] analyzing entity fetch_register
INFO: [VRFC 10-163] Analyzing VHDL file "C:/Users/Brett/source/repos/ECE449/sub_modules/decode/decoder.vhd" into library xil_defaultlib
INFO: [VRFC 10-307] analyzing entity decoder
INFO: [VRFC 10-163] Analyzing VHDL file "C:/Users/Brett/source/repos/ECE449/sub_modules/decode/imm_concat.vhd" into library xil_defaultlib
INFO: [VRFC 10-307] analyzing entity immediate_concatenator
INFO: [VRFC 10-163] Analyzing VHDL file "C:/Users/Brett/source/repos/ECE449/sub_modules/decode/decode_register.vhd" into library xil_defaultlib
INFO: [VRFC 10-307] analyzing entity decode_register
INFO: [VRFC 10-163] Analyzing VHDL file "C:/Users/Brett/source/repos/ECE449/sub_modules/execute/execute_register.vhd" into library xil_defaultlib
INFO: [VRFC 10-307] analyzing entity execute_register
INFO: [VRFC 10-163] Analyzing VHDL file "C:/Users/Brett/source/repos/ECE449/sub_modules/memory/memory_register.vhd" into library xil_defaultlib
INFO: [VRFC 10-307] analyzing entity memory_register
