Vivado Simulator 2017.4
Time resolution is 1 ps
Stopped at time : 0 fs : File "C:/Users/Brett/source/repos/ECE449/sub_modules/decoder.vhd" Line 28
Stopped at time : 0 fs : File "C:/Users/Brett/source/repos/ECE449/sub_modules/decoder.vhd" Line 76
Stopped at time : 0 fs : File "C:/Users/Brett/source/repos/ECE449/sub_modules/decoder.vhd" Line 20
Stopped at time : 0 fs : File "C:/Users/Brett/source/repos/ECE449/sub_modules/fetch_register.vhd" Line 34
Stopped at time : 0 fs : File "C:/Users/Brett/source/repos/ECE449/sub_modules/decoder.vhd" Line 28
Stopped at time : 0 fs : File "C:/Users/Brett/source/repos/ECE449/sub_modules/decoder.vhd" Line 30
Stopped at time : 0 fs : File "C:/Users/Brett/source/repos/ECE449/sub_modules/RF8_16.vhd" Line 62
Info: [XPM_MEMORY 20-1] MEMORY_PRIMITIVE (0) instructs Vivado Synthesis to choose the memory primitive type. Depending on their values, other XPM_MEMORY parameters may preclude the choice of certain memory primitive types. Review XPM_MEMORY documentation and parameter values to understand any limitations, or set MEMORY_PRIMITIVE to a different value. test_System.cpu0.dp_0.mem.rom_0.xpm_memory_sprom_inst.xpm_memory_base_inst.config_drc
Time: 1 ps  Iteration: 0  Process: /test_System/cpu0/dp_0/mem/rom_0/xpm_memory_sprom_inst/xpm_memory_base_inst/Initial270_0  File: /wrk/2017.4/nightly/2017_12_15_2086221/prep/rdi/vivado/data/ip/xpm/xpm_memory/hdl/xpm_memory.sv
Info: [XPM_MEMORY 20-2] MEMORY_INIT_FILE (none), MEMORY_INIT_PARAM together specify no memory initialization. Initial memory contents will be all 0's. test_System.cpu0.dp_0.mem.ram_0.xpm_memory_dpdistram_inst.xpm_memory_base_inst.config_drc  0
Time: 1 ps  Iteration: 0  Process: /test_System/cpu0/dp_0/mem/ram_0/xpm_memory_dpdistram_inst/xpm_memory_base_inst/Initial270_5  File: /wrk/2017.4/nightly/2017_12_15_2086221/prep/rdi/vivado/data/ip/xpm/xpm_memory/hdl/xpm_memory.sv
Warning: [XPM_MEMORY 30-15] MEMORY_TYPE (2) and MEMORY_PRIMITIVE (1) together specify a true dual port distributed RAM, which will be mapped to a dual port RAM structure using port A and B read interfaces but a single port A write interface, leaving the port B write interface unused. test_System.cpu0.dp_0.mem.ram_0.xpm_memory_dpdistram_inst.xpm_memory_base_inst.config_drc
Time: 1 ps  Iteration: 0  Process: /test_System/cpu0/dp_0/mem/ram_0/xpm_memory_dpdistram_inst/xpm_memory_base_inst/Initial270_5  File: /wrk/2017.4/nightly/2017_12_15_2086221/prep/rdi/vivado/data/ip/xpm/xpm_memory/hdl/xpm_memory.sv
Stopped at time : 15 ns : File "C:/Users/Brett/source/repos/ECE449/sub_modules/controller.vhd" Line 59
Stopped at time : 25 ns : File "C:/Users/Brett/source/repos/ECE449/sub_modules/decode_register.vhd" Line 73
Stopped at time : 25 ns : File "C:/Users/Brett/source/repos/ECE449/sub_modules/controller.vhd" Line 59
Stopped at time : 35 ns : File "C:/Users/Brett/source/repos/ECE449/sub_modules/fetch_register.vhd" Line 39
Stopped at time : 35 ns : File "C:/Users/Brett/source/repos/ECE449/sub_modules/decode_register.vhd" Line 73
Stopped at time : 35 ns : File "C:/Users/Brett/source/repos/ECE449/sub_modules/controller.vhd" Line 59
Stopped at time : 35 ns : File "C:/Users/Brett/source/repos/ECE449/sub_modules/decoder.vhd" Line 28
Stopped at time : 35 ns : File "C:/Users/Brett/source/repos/ECE449/sub_modules/decoder.vhd" Line 30
Stopped at time : 35 ns : File "C:/Users/Brett/source/repos/ECE449/sub_modules/decoder.vhd" Line 20
Stopped at time : 35 ns : File "C:/Users/Brett/source/repos/ECE449/sub_modules/decoder.vhd" Line 28
Stopped at time : 35 ns : File "C:/Users/Brett/source/repos/ECE449/sub_modules/decoder.vhd" Line 53
Stopped at time : 45 ns : File "C:/Users/Brett/source/repos/ECE449/sub_modules/fetch_register.vhd" Line 39
Stopped at time : 45 ns : File "C:/Users/Brett/source/repos/ECE449/sub_modules/decode_register.vhd" Line 73
Stopped at time : 45 ns : File "C:/Users/Brett/source/repos/ECE449/sub_modules/controller.vhd" Line 59
Stopped at time : 45 ns : File "C:/Users/Brett/source/repos/ECE449/sub_modules/decoder.vhd" Line 28
Stopped at time : 45 ns : File "C:/Users/Brett/source/repos/ECE449/sub_modules/decoder.vhd" Line 53
Stopped at time : 45 ns : File "C:/Users/Brett/source/repos/ECE449/sub_modules/decoder.vhd" Line 54
Stopped at time : 45 ns : File "C:/Users/Brett/source/repos/ECE449/sub_modules/decoder.vhd" Line 55
Stopped at time : 45 ns : File "C:/Users/Brett/source/repos/ECE449/sub_modules/controller.vhd" Line 29
Stopped at time : 55 ns : File "C:/Users/Brett/source/repos/ECE449/sub_modules/fetch_register.vhd" Line 39
Stopped at time : 55 ns : File "C:/Users/Brett/source/repos/ECE449/sub_modules/decode_register.vhd" Line 73
Stopped at time : 55 ns : File "C:/Users/Brett/source/repos/ECE449/sub_modules/controller.vhd" Line 59
Stopped at time : 55 ns : File "C:/Users/Brett/source/repos/ECE449/sub_modules/decoder.vhd" Line 28
Stopped at time : 55 ns : File "C:/Users/Brett/source/repos/ECE449/sub_modules/decoder.vhd" Line 28
Stopped at time : 65 ns : File "C:/Users/Brett/source/repos/ECE449/sub_modules/fetch_register.vhd" Line 39
Stopped at time : 65 ns : File "C:/Users/Brett/source/repos/ECE449/sub_modules/decode_register.vhd" Line 73
Stopped at time : 65 ns : File "C:/Users/Brett/source/repos/ECE449/sub_modules/controller.vhd" Line 59
